{"E:\\git\\_NYPR\\nypr-design-system-vue\\src\\components\\ArticleMetadata.vue": {"path":"E:\\git\\_NYPR\\nypr-design-system-vue\\src\\components\\ArticleMetadata.vue","statementMap":{"0":{"start":{"line":47,"column":15},"end":{"line":47,"column":null}}},"fnMap":{},"branchMap":{},"s":{"0":1},"f":{},"b":{}}
,"E:\\git\\_NYPR\\nypr-design-system-vue\\src\\components\\CalloutBanner.vue": {"path":"E:\\git\\_NYPR\\nypr-design-system-vue\\src\\components\\CalloutBanner.vue","statementMap":{"0":{"start":{"line":20,"column":0},"end":{"line":20,"column":null}},"1":{"start":{"line":22,"column":15},"end":{"line":22,"column":null}},"2":{"start":{"line":28,"column":4},"end":{"line":28,"column":11}}},"fnMap":{"0":{"name":"(anonymous_0)","decl":{"start":{"line":27,"column":2},"end":{"line":27,"column":6}},"loc":{"start":{"line":27,"column":10},"end":{"line":31,"column":null}}}},"branchMap":{},"s":{"0":1,"1":1,"2":3},"f":{"0":3},"b":{}}
,"E:\\git\\_NYPR\\nypr-design-system-vue\\src\\components\\FactBox.vue": {"path":"E:\\git\\_NYPR\\nypr-design-system-vue\\src\\components\\FactBox.vue","statementMap":{"0":{"start":{"line":41,"column":15},"end":{"line":41,"column":null}}},"fnMap":{},"branchMap":{},"s":{"0":0},"f":{},"b":{}}
,"E:\\git\\_NYPR\\nypr-design-system-vue\\src\\components\\GalleryPreview.vue": {"path":"E:\\git\\_NYPR\\nypr-design-system-vue\\src\\components\\GalleryPreview.vue","statementMap":{"0":{"start":{"line":48,"column":0},"end":{"line":48,"column":null}},"1":{"start":{"line":49,"column":0},"end":{"line":49,"column":null}},"2":{"start":{"line":51,"column":15},"end":{"line":51,"column":null}},"3":{"start":{"line":68,"column":21},"end":{"line":68,"column":null}},"4":{"start":{"line":76,"column":4},"end":{"line":76,"column":11}},"5":{"start":{"line":83,"column":4},"end":{"line":83,"column":9}},"6":{"start":{"line":86,"column":4},"end":{"line":88,"column":null}},"7":{"start":{"line":87,"column":6},"end":{"line":87,"column":11}},"8":{"start":{"line":89,"column":4},"end":{"line":91,"column":null}},"9":{"start":{"line":90,"column":6},"end":{"line":90,"column":11}},"10":{"start":{"line":95,"column":6},"end":{"line":95,"column":11}},"11":{"start":{"line":96,"column":6},"end":{"line":96,"column":11}}},"fnMap":{"0":{"name":"(anonymous_0)","decl":{"start":{"line":68,"column":15},"end":{"line":68,"column":21}},"loc":{"start":{"line":68,"column":21},"end":{"line":68,"column":null}}},"1":{"name":"(anonymous_1)","decl":{"start":{"line":75,"column":2},"end":{"line":75,"column":6}},"loc":{"start":{"line":75,"column":10},"end":{"line":81,"column":null}}},"2":{"name":"(anonymous_2)","decl":{"start":{"line":82,"column":2},"end":{"line":82,"column":9}},"loc":{"start":{"line":82,"column":13},"end":{"line":84,"column":null}}},"3":{"name":"(anonymous_3)","decl":{"start":{"line":85,"column":2},"end":{"line":85,"column":9}},"loc":{"start":{"line":85,"column":13},"end":{"line":92,"column":null}}},"4":{"name":"(anonymous_4)","decl":{"start":{"line":94,"column":4},"end":{"line":94,"column":18}},"loc":{"start":{"line":94,"column":27},"end":{"line":97,"column":null}}}},"branchMap":{"0":{"loc":{"start":{"line":86,"column":4},"end":{"line":88,"column":null}},"type":"if","locations":[{"start":{"line":86,"column":4},"end":{"line":88,"column":null}}]},"1":{"loc":{"start":{"line":89,"column":4},"end":{"line":91,"column":null}},"type":"if","locations":[{"start":{"line":89,"column":4},"end":{"line":91,"column":null}}]}},"s":{"0":1,"1":1,"2":1,"3":1,"4":12,"5":12,"6":12,"7":2,"8":12,"9":1,"10":1,"11":1},"f":{"0":1,"1":12,"2":12,"3":12,"4":1},"b":{"0":[2],"1":[1]}}
,"E:\\git\\_NYPR\\nypr-design-system-vue\\src\\components\\ImageWithCaption.vue": {"path":"E:\\git\\_NYPR\\nypr-design-system-vue\\src\\components\\ImageWithCaption.vue","statementMap":{"0":{"start":{"line":85,"column":0},"end":{"line":85,"column":null}},"1":{"start":{"line":86,"column":0},"end":{"line":86,"column":null}},"2":{"start":{"line":87,"column":0},"end":{"line":87,"column":null}},"3":{"start":{"line":88,"column":0},"end":{"line":88,"column":null}},"4":{"start":{"line":90,"column":15},"end":{"line":90,"column":null}},"5":{"start":{"line":161,"column":4},"end":{"line":161,"column":11}},"6":{"start":{"line":167,"column":6},"end":{"line":167,"column":13}},"7":{"start":{"line":172,"column":6},"end":{"line":172,"column":11}},"8":{"start":{"line":173,"column":6},"end":{"line":177,"column":null}},"9":{"start":{"line":174,"column":8},"end":{"line":174,"column":13}},"10":{"start":{"line":176,"column":8},"end":{"line":176,"column":13}}},"fnMap":{"0":{"name":"(anonymous_0)","decl":{"start":{"line":160,"column":2},"end":{"line":160,"column":6}},"loc":{"start":{"line":160,"column":10},"end":{"line":164,"column":null}}},"1":{"name":"(anonymous_1)","decl":{"start":{"line":166,"column":4},"end":{"line":166,"column":22}},"loc":{"start":{"line":166,"column":26},"end":{"line":168,"column":null}}},"2":{"name":"(anonymous_2)","decl":{"start":{"line":171,"column":4},"end":{"line":171,"column":17}},"loc":{"start":{"line":171,"column":21},"end":{"line":178,"column":null}}}},"branchMap":{"0":{"loc":{"start":{"line":173,"column":6},"end":{"line":177,"column":null}},"type":"if","locations":[{"start":{"line":173,"column":6},"end":{"line":177,"column":null}},{"start":{"line":175,"column":13},"end":{"line":177,"column":null}}]}},"s":{"0":2,"1":2,"2":2,"3":2,"4":2,"5":21,"6":14,"7":2,"8":2,"9":1,"10":1},"f":{"0":21,"1":14,"2":2},"b":{"0":[1,1]}}
,"E:\\git\\_NYPR\\nypr-design-system-vue\\src\\components\\LiveIndicator.vue": {"path":"E:\\git\\_NYPR\\nypr-design-system-vue\\src\\components\\LiveIndicator.vue","statementMap":{"0":{"start":{"line":11,"column":0},"end":{"line":11,"column":null}},"1":{"start":{"line":13,"column":15},"end":{"line":13,"column":null}}},"fnMap":{},"branchMap":{},"s":{"0":2,"1":2},"f":{},"b":{}}
,"E:\\git\\_NYPR\\nypr-design-system-vue\\src\\components\\MainPlayer.vue": {"path":"E:\\git\\_NYPR\\nypr-design-system-vue\\src\\components\\MainPlayer.vue","statementMap":{"0":{"start":{"line":73,"column":0},"end":{"line":73,"column":null}},"1":{"start":{"line":75,"column":15},"end":{"line":75,"column":null}}},"fnMap":{},"branchMap":{},"s":{"0":1,"1":1},"f":{},"b":{}}
,"E:\\git\\_NYPR\\nypr-design-system-vue\\src\\components\\MediaEmbed.vue": {"path":"E:\\git\\_NYPR\\nypr-design-system-vue\\src\\components\\MediaEmbed.vue","statementMap":{"0":{"start":{"line":14,"column":15},"end":{"line":14,"column":null}}},"fnMap":{},"branchMap":{},"s":{"0":1},"f":{},"b":{}}
,"E:\\git\\_NYPR\\nypr-design-system-vue\\src\\components\\PersistentPlayer.vue": {"path":"E:\\git\\_NYPR\\nypr-design-system-vue\\src\\components\\PersistentPlayer.vue","statementMap":{"0":{"start":{"line":81,"column":0},"end":{"line":81,"column":null}},"1":{"start":{"line":82,"column":0},"end":{"line":82,"column":null}},"2":{"start":{"line":83,"column":0},"end":{"line":83,"column":null}},"3":{"start":{"line":84,"column":0},"end":{"line":84,"column":null}},"4":{"start":{"line":85,"column":0},"end":{"line":85,"column":null}},"5":{"start":{"line":86,"column":0},"end":{"line":86,"column":null}},"6":{"start":{"line":87,"column":0},"end":{"line":87,"column":null}},"7":{"start":{"line":88,"column":0},"end":{"line":88,"column":null}},"8":{"start":{"line":89,"column":0},"end":{"line":89,"column":null}},"9":{"start":{"line":91,"column":15},"end":{"line":91,"column":null}},"10":{"start":{"line":179,"column":4},"end":{"line":179,"column":11}},"11":{"start":{"line":190,"column":4},"end":{"line":190,"column":9}},"12":{"start":{"line":192,"column":4},"end":{"line":192,"column":10}},"13":{"start":{"line":193,"column":6},"end":{"line":193,"column":14}},"14":{"start":{"line":195,"column":10},"end":{"line":195,"column":15}},"15":{"start":{"line":196,"column":10},"end":{"line":196,"column":null}},"16":{"start":{"line":198,"column":10},"end":{"line":198,"column":15}},"17":{"start":{"line":199,"column":10},"end":{"line":199,"column":null}},"18":{"start":{"line":201,"column":10},"end":{"line":201,"column":38}},"19":{"start":{"line":201,"column":33},"end":{"line":201,"column":38}},"20":{"start":{"line":202,"column":10},"end":{"line":202,"column":null}},"21":{"start":{"line":204,"column":10},"end":{"line":204,"column":36}},"22":{"start":{"line":204,"column":31},"end":{"line":204,"column":36}},"23":{"start":{"line":205,"column":10},"end":{"line":205,"column":null}},"24":{"start":{"line":207,"column":10},"end":{"line":207,"column":15}},"25":{"start":{"line":208,"column":10},"end":{"line":208,"column":null}},"26":{"start":{"line":210,"column":10},"end":{"line":210,"column":15}},"27":{"start":{"line":211,"column":10},"end":{"line":211,"column":null}},"28":{"start":{"line":217,"column":21},"end":{"line":217,"column":25}},"29":{"start":{"line":218,"column":6},"end":{"line":218,"column":13}},"30":{"start":{"line":222,"column":6},"end":{"line":222,"column":12}},"31":{"start":{"line":240,"column":6},"end":{"line":240,"column":11}}},"fnMap":{"0":{"name":"(anonymous_0)","decl":{"start":{"line":178,"column":2},"end":{"line":178,"column":6}},"loc":{"start":{"line":178,"column":10},"end":{"line":188,"column":null}}},"1":{"name":"(anonymous_1)","decl":{"start":{"line":189,"column":2},"end":{"line":189,"column":9}},"loc":{"start":{"line":189,"column":13},"end":{"line":214,"column":null}}},"2":{"name":"(anonymous_2)","decl":{"start":{"line":192,"column":39},"end":{"line":192,"column":44}},"loc":{"start":{"line":192,"column":48},"end":{"line":213,"column":null}}},"3":{"name":"(anonymous_3)","decl":{"start":{"line":216,"column":4},"end":{"line":216,"column":15}},"loc":{"start":{"line":216,"column":22},"end":{"line":219,"column":null}}},"4":{"name":"(anonymous_4)","decl":{"start":{"line":220,"column":4},"end":{"line":220,"column":12}},"loc":{"start":{"line":220,"column":16},"end":{"line":223,"column":null}}},"5":{"name":"(anonymous_5)","decl":{"start":{"line":224,"column":4},"end":{"line":224,"column":13}},"loc":{"start":{"line":224,"column":17},"end":{"line":227,"column":null}}},"6":{"name":"(anonymous_6)","decl":{"start":{"line":228,"column":4},"end":{"line":228,"column":12}},"loc":{"start":{"line":228,"column":16},"end":{"line":231,"column":null}}},"7":{"name":"(anonymous_7)","decl":{"start":{"line":232,"column":4},"end":{"line":232,"column":8}},"loc":{"start":{"line":232,"column":13},"end":{"line":238,"column":null}}},"8":{"name":"(anonymous_8)","decl":{"start":{"line":239,"column":4},"end":{"line":239,"column":14}},"loc":{"start":{"line":239,"column":18},"end":{"line":241,"column":null}}}},"branchMap":{"0":{"loc":{"start":{"line":193,"column":6},"end":{"line":193,"column":14}},"type":"switch","locations":[{"start":{"line":194,"column":8},"end":{"line":196,"column":null}},{"start":{"line":197,"column":8},"end":{"line":199,"column":null}},{"start":{"line":200,"column":8},"end":{"line":202,"column":null}},{"start":{"line":203,"column":8},"end":{"line":205,"column":null}},{"start":{"line":206,"column":8},"end":{"line":208,"column":null}},{"start":{"line":209,"column":8},"end":{"line":211,"column":null}}]},"1":{"loc":{"start":{"line":201,"column":10},"end":{"line":201,"column":38}},"type":"if","locations":[{"start":{"line":201,"column":10},"end":{"line":201,"column":38}}]},"2":{"loc":{"start":{"line":204,"column":10},"end":{"line":204,"column":36}},"type":"if","locations":[{"start":{"line":204,"column":10},"end":{"line":204,"column":36}}]},"3":{"loc":{"start":{"line":218,"column":13},"end":{"line":218,"column":null}},"type":"cond-expr","locations":[{"start":{"line":218,"column":43},"end":{"line":218,"column":49}},{"start":{"line":218,"column":62},"end":{"line":218,"column":null}}]}},"s":{"0":1,"1":1,"2":1,"3":1,"4":1,"5":1,"6":1,"7":1,"8":1,"9":1,"10":15,"11":15,"12":15,"13":0,"14":0,"15":0,"16":0,"17":0,"18":0,"19":0,"20":0,"21":0,"22":0,"23":0,"24":0,"25":0,"26":0,"27":0,"28":0,"29":0,"30":0,"31":0},"f":{"0":15,"1":15,"2":0,"3":0,"4":0,"5":0,"6":0,"7":0,"8":0},"b":{"0":[0,0,0,0,0,0],"1":[0],"2":[0],"3":[0,0]}}
,"E:\\git\\_NYPR\\nypr-design-system-vue\\src\\components\\ProgressBar.vue": {"path":"E:\\git\\_NYPR\\nypr-design-system-vue\\src\\components\\ProgressBar.vue","statementMap":{"0":{"start":{"line":11,"column":15},"end":{"line":11,"column":null}}},"fnMap":{},"branchMap":{},"s":{"0":1},"f":{},"b":{}}
,"E:\\git\\_NYPR\\nypr-design-system-vue\\src\\components\\PullQuote.vue": {"path":"E:\\git\\_NYPR\\nypr-design-system-vue\\src\\components\\PullQuote.vue","statementMap":{"0":{"start":{"line":13,"column":15},"end":{"line":13,"column":null}}},"fnMap":{},"branchMap":{},"s":{"0":0},"f":{},"b":{}}
,"E:\\git\\_NYPR\\nypr-design-system-vue\\src\\components\\SecondaryNavigation.vue": {"path":"E:\\git\\_NYPR\\nypr-design-system-vue\\src\\components\\SecondaryNavigation.vue","statementMap":{"0":{"start":{"line":57,"column":0},"end":{"line":57,"column":null}},"1":{"start":{"line":59,"column":15},"end":{"line":59,"column":null}}},"fnMap":{},"branchMap":{},"s":{"0":3,"1":3},"f":{},"b":{}}
,"E:\\git\\_NYPR\\nypr-design-system-vue\\src\\components\\SegmentList.vue": {"path":"E:\\git\\_NYPR\\nypr-design-system-vue\\src\\components\\SegmentList.vue","statementMap":{"0":{"start":{"line":11,"column":15},"end":{"line":11,"column":null}}},"fnMap":{},"branchMap":{},"s":{"0":0},"f":{},"b":{}}
,"E:\\git\\_NYPR\\nypr-design-system-vue\\src\\components\\SegmentListItem.vue": {"path":"E:\\git\\_NYPR\\nypr-design-system-vue\\src\\components\\SegmentListItem.vue","statementMap":{"0":{"start":{"line":26,"column":0},"end":{"line":26,"column":null}},"1":{"start":{"line":28,"column":15},"end":{"line":28,"column":null}}},"fnMap":{},"branchMap":{},"s":{"0":1,"1":1},"f":{},"b":{}}
,"E:\\git\\_NYPR\\nypr-design-system-vue\\src\\components\\ShareTools.vue": {"path":"E:\\git\\_NYPR\\nypr-design-system-vue\\src\\components\\ShareTools.vue","statementMap":{"0":{"start":{"line":16,"column":15},"end":{"line":16,"column":null}}},"fnMap":{},"branchMap":{},"s":{"0":2},"f":{},"b":{}}
,"E:\\git\\_NYPR\\nypr-design-system-vue\\src\\components\\ShareToolsItem.vue": {"path":"E:\\git\\_NYPR\\nypr-design-system-vue\\src\\components\\ShareToolsItem.vue","statementMap":{"0":{"start":{"line":31,"column":0},"end":{"line":31,"column":null}},"1":{"start":{"line":32,"column":0},"end":{"line":32,"column":null}},"2":{"start":{"line":33,"column":0},"end":{"line":33,"column":null}},"3":{"start":{"line":34,"column":0},"end":{"line":34,"column":null}},"4":{"start":{"line":35,"column":0},"end":{"line":35,"column":null}},"5":{"start":{"line":38,"column":0},"end":{"line":38,"column":null}},"6":{"start":{"line":39,"column":0},"end":{"line":39,"column":null}},"7":{"start":{"line":40,"column":0},"end":{"line":40,"column":null}},"8":{"start":{"line":41,"column":0},"end":{"line":41,"column":null}},"9":{"start":{"line":42,"column":0},"end":{"line":42,"column":null}},"10":{"start":{"line":44,"column":32},"end":{"line":44,"column":36}},"11":{"start":{"line":45,"column":27},"end":{"line":45,"column":null}},"12":{"start":{"line":84,"column":15},"end":{"line":84,"column":null}},"13":{"start":{"line":126,"column":22},"end":{"line":126,"column":null}},"14":{"start":{"line":130,"column":22},"end":{"line":130,"column":null}},"15":{"start":{"line":135,"column":6},"end":{"line":135,"column":13}},"16":{"start":{"line":138,"column":6},"end":{"line":138,"column":13}},"17":{"start":{"line":141,"column":24},"end":{"line":141,"column":30}},"18":{"start":{"line":143,"column":10},"end":{"line":143,"column":17}},"19":{"start":{"line":146,"column":16},"end":{"line":146,"column":null}},"20":{"start":{"line":147,"column":6},"end":{"line":149,"column":null}},"21":{"start":{"line":148,"column":8},"end":{"line":148,"column":11}},"22":{"start":{"line":151,"column":26},"end":{"line":151,"column":32}},"23":{"start":{"line":153,"column":10},"end":{"line":153,"column":null}},"24":{"start":{"line":161,"column":19},"end":{"line":161,"column":null}},"25":{"start":{"line":163,"column":25},"end":{"line":163,"column":null}},"26":{"start":{"line":164,"column":6},"end":{"line":168,"column":null}},"27":{"start":{"line":165,"column":23},"end":{"line":165,"column":null}},"28":{"start":{"line":166,"column":25},"end":{"line":166,"column":59}},"29":{"start":{"line":167,"column":8},"end":{"line":167,"column":14}},"30":{"start":{"line":170,"column":6},"end":{"line":170,"column":13}},"31":{"start":{"line":173,"column":6},"end":{"line":179,"column":null}},"32":{"start":{"line":174,"column":8},"end":{"line":174,"column":15}},"33":{"start":{"line":175,"column":13},"end":{"line":179,"column":null}},"34":{"start":{"line":176,"column":8},"end":{"line":176,"column":15}},"35":{"start":{"line":177,"column":13},"end":{"line":179,"column":null}},"36":{"start":{"line":178,"column":8},"end":{"line":178,"column":15}},"37":{"start":{"line":180,"column":6},"end":{"line":180,"column":13}},"38":{"start":{"line":185,"column":6},"end":{"line":187,"column":null}},"39":{"start":{"line":186,"column":8},"end":{"line":186,"column":null}},"40":{"start":{"line":189,"column":6},"end":{"line":189,"column":11}},"41":{"start":{"line":192,"column":27},"end":{"line":192,"column":null}},"42":{"start":{"line":193,"column":26},"end":{"line":193,"column":null}},"43":{"start":{"line":195,"column":28},"end":{"line":195,"column":null}},"44":{"start":{"line":196,"column":29},"end":{"line":196,"column":null}},"45":{"start":{"line":198,"column":21},"end":{"line":198,"column":null}},"46":{"start":{"line":199,"column":20},"end":{"line":199,"column":null}},"47":{"start":{"line":201,"column":8},"end":{"line":201,"column":15}},"48":{"start":{"line":204,"column":27},"end":{"line":205,"column":null}},"49":{"start":{"line":205,"column":9},"end":{"line":205,"column":null}},"50":{"start":{"line":206,"column":28},"end":{"line":206,"column":null}},"51":{"start":{"line":207,"column":24},"end":{"line":207,"column":30}},"52":{"start":{"line":214,"column":6},"end":{"line":220,"column":null}},"53":{"start":{"line":219,"column":8},"end":{"line":219,"column":17}}},"fnMap":{"0":{"name":"(anonymous_0)","decl":{"start":{"line":126,"column":15},"end":{"line":126,"column":22}},"loc":{"start":{"line":126,"column":22},"end":{"line":126,"column":null}}},"1":{"name":"(anonymous_1)","decl":{"start":{"line":130,"column":15},"end":{"line":130,"column":22}},"loc":{"start":{"line":130,"column":22},"end":{"line":130,"column":null}}},"2":{"name":"(anonymous_2)","decl":{"start":{"line":134,"column":4},"end":{"line":134,"column":14}},"loc":{"start":{"line":134,"column":18},"end":{"line":136,"column":null}}},"3":{"name":"(anonymous_3)","decl":{"start":{"line":137,"column":4},"end":{"line":137,"column":13}},"loc":{"start":{"line":137,"column":17},"end":{"line":139,"column":null}}},"4":{"name":"(anonymous_4)","decl":{"start":{"line":140,"column":4},"end":{"line":140,"column":12}},"loc":{"start":{"line":140,"column":16},"end":{"line":171,"column":null}}},"5":{"name":"(anonymous_5)","decl":{"start":{"line":142,"column":8},"end":{"line":142,"column":9}},"loc":{"start":{"line":142,"column":26},"end":{"line":144,"column":null}}},"6":{"name":"(anonymous_6)","decl":{"start":{"line":152,"column":8},"end":{"line":152,"column":9}},"loc":{"start":{"line":152,"column":26},"end":{"line":158,"column":null}}},"7":{"name":"(anonymous_7)","decl":{"start":{"line":172,"column":4},"end":{"line":172,"column":13}},"loc":{"start":{"line":172,"column":17},"end":{"line":181,"column":null}}},"8":{"name":"(anonymous_8)","decl":{"start":{"line":184,"column":4},"end":{"line":184,"column":9}},"loc":{"start":{"line":184,"column":13},"end":{"line":221,"column":null}}},"9":{"name":"getPopupPosition","decl":{"start":{"line":191,"column":15},"end":{"line":191,"column":35}},"loc":{"start":{"line":191,"column":35},"end":{"line":202,"column":null}}},"10":{"name":"(anonymous_10)","decl":{"start":{"line":204,"column":27},"end":{"line":204,"column":28}},"loc":{"start":{"line":205,"column":9},"end":{"line":205,"column":null}}}},"branchMap":{"0":{"loc":{"start":{"line":135,"column":13},"end":{"line":135,"column":null}},"type":"binary-expr","locations":[{"start":{"line":135,"column":13},"end":{"line":135,"column":78}},{"start":{"line":135,"column":78},"end":{"line":135,"column":null}}]},"1":{"loc":{"start":{"line":135,"column":13},"end":{"line":135,"column":61}},"type":"cond-expr","locations":[{"start":{"line":135,"column":13},"end":{"line":135,"column":31}},{"start":{"line":135,"column":13},"end":{"line":135,"column":61}}]},"2":{"loc":{"start":{"line":135,"column":13},"end":{"line":135,"column":31}},"type":"binary-expr","locations":[{"start":{"line":135,"column":13},"end":{"line":135,"column":31}},{"start":{"line":135,"column":13},"end":{"line":135,"column":31}}]},"3":{"loc":{"start":{"line":138,"column":13},"end":{"line":138,"column":null}},"type":"binary-expr","locations":[{"start":{"line":138,"column":13},"end":{"line":138,"column":60}},{"start":{"line":138,"column":60},"end":{"line":138,"column":null}}]},"4":{"loc":{"start":{"line":138,"column":13},"end":{"line":138,"column":60}},"type":"cond-expr","locations":[{"start":{"line":138,"column":13},"end":{"line":138,"column":31}},{"start":{"line":138,"column":13},"end":{"line":138,"column":60}}]},"5":{"loc":{"start":{"line":138,"column":13},"end":{"line":138,"column":31}},"type":"binary-expr","locations":[{"start":{"line":138,"column":13},"end":{"line":138,"column":31}},{"start":{"line":138,"column":13},"end":{"line":138,"column":31}}]},"6":{"loc":{"start":{"line":147,"column":6},"end":{"line":149,"column":null}},"type":"if","locations":[{"start":{"line":147,"column":6},"end":{"line":149,"column":null}}]},"7":{"loc":{"start":{"line":163,"column":25},"end":{"line":163,"column":null}},"type":"cond-expr","locations":[{"start":{"line":163,"column":25},"end":{"line":163,"column":28}},{"start":{"line":163,"column":28},"end":{"line":163,"column":null}}]},"8":{"loc":{"start":{"line":163,"column":25},"end":{"line":163,"column":28}},"type":"binary-expr","locations":[{"start":{"line":163,"column":25},"end":{"line":163,"column":28}},{"start":{"line":163,"column":25},"end":{"line":163,"column":28}}]},"9":{"loc":{"start":{"line":164,"column":6},"end":{"line":168,"column":null}},"type":"if","locations":[{"start":{"line":164,"column":6},"end":{"line":168,"column":null}}]},"10":{"loc":{"start":{"line":165,"column":23},"end":{"line":165,"column":null}},"type":"binary-expr","locations":[{"start":{"line":165,"column":23},"end":{"line":165,"column":67}},{"start":{"line":165,"column":67},"end":{"line":165,"column":null}}]},"11":{"loc":{"start":{"line":165,"column":23},"end":{"line":165,"column":67}},"type":"cond-expr","locations":[{"start":{"line":165,"column":23},"end":{"line":165,"column":41}},{"start":{"line":165,"column":23},"end":{"line":165,"column":67}}]},"12":{"loc":{"start":{"line":165,"column":23},"end":{"line":165,"column":41}},"type":"binary-expr","locations":[{"start":{"line":165,"column":23},"end":{"line":165,"column":41}},{"start":{"line":165,"column":23},"end":{"line":165,"column":41}}]},"13":{"loc":{"start":{"line":173,"column":6},"end":{"line":179,"column":null}},"type":"if","locations":[{"start":{"line":173,"column":6},"end":{"line":179,"column":null}},{"start":{"line":175,"column":13},"end":{"line":179,"column":null}}]},"14":{"loc":{"start":{"line":175,"column":13},"end":{"line":179,"column":null}},"type":"if","locations":[{"start":{"line":175,"column":13},"end":{"line":179,"column":null}},{"start":{"line":177,"column":13},"end":{"line":179,"column":null}}]},"15":{"loc":{"start":{"line":177,"column":13},"end":{"line":179,"column":null}},"type":"if","locations":[{"start":{"line":177,"column":13},"end":{"line":179,"column":null}}]},"16":{"loc":{"start":{"line":185,"column":6},"end":{"line":187,"column":null}},"type":"if","locations":[{"start":{"line":185,"column":6},"end":{"line":187,"column":null}}]},"17":{"loc":{"start":{"line":214,"column":6},"end":{"line":220,"column":null}},"type":"if","locations":[{"start":{"line":214,"column":6},"end":{"line":220,"column":null}}]},"18":{"loc":{"start":{"line":215,"column":8},"end":{"line":217,"column":null}},"type":"binary-expr","locations":[{"start":{"line":215,"column":8},"end":{"line":215,"column":null}},{"start":{"line":216,"column":8},"end":{"line":216,"column":null}},{"start":{"line":217,"column":8},"end":{"line":217,"column":null}}]}},"s":{"0":2,"1":2,"2":2,"3":2,"4":2,"5":2,"6":2,"7":2,"8":2,"9":2,"10":2,"11":2,"12":2,"13":35,"14":37,"15":14,"16":5,"17":5,"18":3,"19":5,"20":5,"21":1,"22":5,"23":4,"24":5,"25":5,"26":5,"27":4,"28":4,"29":4,"30":5,"31":33,"32":6,"33":27,"34":27,"35":0,"36":0,"37":0,"38":5,"39":0,"40":5,"41":5,"42":5,"43":5,"44":5,"45":5,"46":5,"47":5,"48":5,"49":5,"50":5,"51":5,"52":5,"53":0},"f":{"0":35,"1":37,"2":14,"3":5,"4":5,"5":3,"6":4,"7":33,"8":5,"9":5,"10":5},"b":{"0":[14,1],"1":[1,13],"2":[14,14],"3":[5,0],"4":[0,5],"5":[5,5],"6":[1],"7":[0,5],"8":[5,5],"9":[4],"10":[4,2],"11":[0,4],"12":[4,4],"13":[6,27],"14":[27,0],"15":[0],"16":[0],"17":[0],"18":[5,0,0]}}
,"E:\\git\\_NYPR\\nypr-design-system-vue\\src\\components\\SimpleResponsiveImage.vue": {"path":"E:\\git\\_NYPR\\nypr-design-system-vue\\src\\components\\SimpleResponsiveImage.vue","statementMap":{"0":{"start":{"line":15,"column":15},"end":{"line":15,"column":null}},"1":{"start":{"line":78,"column":8},"end":{"line":78,"column":15}},"2":{"start":{"line":84,"column":23},"end":{"line":84,"column":null}},"3":{"start":{"line":85,"column":6},"end":{"line":91,"column":null}},"4":{"start":{"line":86,"column":8},"end":{"line":86,"column":15}},"5":{"start":{"line":90,"column":8},"end":{"line":90,"column":15}},"6":{"start":{"line":94,"column":23},"end":{"line":94,"column":null}},"7":{"start":{"line":95,"column":6},"end":{"line":119,"column":null}},"8":{"start":{"line":98,"column":8},"end":{"line":102,"column":null}},"9":{"start":{"line":101,"column":10},"end":{"line":101,"column":17}},"10":{"start":{"line":103,"column":21},"end":{"line":103,"column":null}},"11":{"start":{"line":104,"column":8},"end":{"line":115,"column":null}},"12":{"start":{"line":105,"column":22},"end":{"line":105,"column":26}},"13":{"start":{"line":106,"column":23},"end":{"line":106,"column":27}},"14":{"start":{"line":107,"column":10},"end":{"line":110,"column":null}},"15":{"start":{"line":108,"column":12},"end":{"line":108,"column":17}},"16":{"start":{"line":109,"column":12},"end":{"line":109,"column":18}},"17":{"start":{"line":111,"column":22},"end":{"line":111,"column":30}},"18":{"start":{"line":114,"column":10},"end":{"line":114,"column":16}},"19":{"start":{"line":116,"column":8},"end":{"line":116,"column":15}},"20":{"start":{"line":118,"column":8},"end":{"line":118,"column":15}}},"fnMap":{"0":{"name":"(anonymous_0)","decl":{"start":{"line":77,"column":6},"end":{"line":77,"column":13}},"loc":{"start":{"line":77,"column":17},"end":{"line":79,"column":null}}},"1":{"name":"(anonymous_1)","decl":{"start":{"line":83,"column":4},"end":{"line":83,"column":15}},"loc":{"start":{"line":83,"column":19},"end":{"line":92,"column":null}}},"2":{"name":"(anonymous_2)","decl":{"start":{"line":93,"column":4},"end":{"line":93,"column":10}},"loc":{"start":{"line":93,"column":14},"end":{"line":120,"column":null}}}},"branchMap":{"0":{"loc":{"start":{"line":85,"column":6},"end":{"line":91,"column":null}},"type":"if","locations":[{"start":{"line":85,"column":6},"end":{"line":91,"column":null}},{"start":{"line":89,"column":13},"end":{"line":91,"column":null}}]},"1":{"loc":{"start":{"line":95,"column":6},"end":{"line":119,"column":null}},"type":"if","locations":[{"start":{"line":95,"column":6},"end":{"line":119,"column":null}},{"start":{"line":117,"column":13},"end":{"line":119,"column":null}}]},"2":{"loc":{"start":{"line":98,"column":8},"end":{"line":102,"column":null}},"type":"if","locations":[{"start":{"line":98,"column":8},"end":{"line":102,"column":null}}]},"3":{"loc":{"start":{"line":107,"column":10},"end":{"line":110,"column":null}},"type":"if","locations":[{"start":{"line":107,"column":10},"end":{"line":110,"column":null}}]},"4":{"loc":{"start":{"line":107,"column":14},"end":{"line":107,"column":64}},"type":"binary-expr","locations":[{"start":{"line":107,"column":14},"end":{"line":107,"column":39}},{"start":{"line":107,"column":39},"end":{"line":107,"column":64}}]}},"s":{"0":3,"1":51,"2":50,"3":50,"4":50,"5":0,"6":50,"7":50,"8":50,"9":19,"10":31,"11":31,"12":124,"13":124,"14":124,"15":0,"16":0,"17":124,"18":124,"19":31,"20":0},"f":{"0":51,"1":50,"2":50},"b":{"0":[50,0],"1":[50,0],"2":[19],"3":[0],"4":[124,124]}}
,"E:\\git\\_NYPR\\nypr-design-system-vue\\src\\components\\StreamSwitcher.vue": {"path":"E:\\git\\_NYPR\\nypr-design-system-vue\\src\\components\\StreamSwitcher.vue","statementMap":{"0":{"start":{"line":11,"column":15},"end":{"line":11,"column":null}}},"fnMap":{},"branchMap":{},"s":{"0":1},"f":{},"b":{}}
,"E:\\git\\_NYPR\\nypr-design-system-vue\\src\\components\\StreamSwitcherCard.vue": {"path":"E:\\git\\_NYPR\\nypr-design-system-vue\\src\\components\\StreamSwitcherCard.vue","statementMap":{"0":{"start":{"line":40,"column":0},"end":{"line":40,"column":null}},"1":{"start":{"line":42,"column":15},"end":{"line":42,"column":null}}},"fnMap":{},"branchMap":{},"s":{"0":1,"1":1},"f":{},"b":{}}
,"E:\\git\\_NYPR\\nypr-design-system-vue\\src\\components\\TheFooter.vue": {"path":"E:\\git\\_NYPR\\nypr-design-system-vue\\src\\components\\TheFooter.vue","statementMap":{"0":{"start":{"line":108,"column":0},"end":{"line":108,"column":null}},"1":{"start":{"line":109,"column":0},"end":{"line":109,"column":null}},"2":{"start":{"line":111,"column":15},"end":{"line":111,"column":null}},"3":{"start":{"line":149,"column":6},"end":{"line":149,"column":13}},"4":{"start":{"line":152,"column":6},"end":{"line":152,"column":13}},"5":{"start":{"line":155,"column":6},"end":{"line":155,"column":13}}},"fnMap":{"0":{"name":"(anonymous_0)","decl":{"start":{"line":148,"column":4},"end":{"line":148,"column":15}},"loc":{"start":{"line":148,"column":19},"end":{"line":150,"column":null}}},"1":{"name":"(anonymous_1)","decl":{"start":{"line":151,"column":4},"end":{"line":151,"column":24}},"loc":{"start":{"line":151,"column":28},"end":{"line":153,"column":null}}},"2":{"name":"(anonymous_2)","decl":{"start":{"line":154,"column":4},"end":{"line":154,"column":25}},"loc":{"start":{"line":154,"column":29},"end":{"line":156,"column":null}}}},"branchMap":{},"s":{"0":1,"1":1,"2":1,"3":12,"4":12,"5":12},"f":{"0":12,"1":12,"2":12},"b":{}}
,"E:\\git\\_NYPR\\nypr-design-system-vue\\src\\components\\TheHeader.vue": {"path":"E:\\git\\_NYPR\\nypr-design-system-vue\\src\\components\\TheHeader.vue","statementMap":{"0":{"start":{"line":57,"column":0},"end":{"line":57,"column":null}},"1":{"start":{"line":59,"column":15},"end":{"line":59,"column":null}}},"fnMap":{},"branchMap":{},"s":{"0":1,"1":1},"f":{},"b":{}}
,"E:\\git\\_NYPR\\nypr-design-system-vue\\src\\components\\TheMenu.vue": {"path":"E:\\git\\_NYPR\\nypr-design-system-vue\\src\\components\\TheMenu.vue","statementMap":{"0":{"start":{"line":112,"column":0},"end":{"line":112,"column":null}},"1":{"start":{"line":113,"column":0},"end":{"line":113,"column":null}},"2":{"start":{"line":114,"column":0},"end":{"line":114,"column":null}},"3":{"start":{"line":115,"column":0},"end":{"line":115,"column":null}},"4":{"start":{"line":116,"column":0},"end":{"line":116,"column":null}},"5":{"start":{"line":118,"column":15},"end":{"line":118,"column":null}},"6":{"start":{"line":146,"column":4},"end":{"line":146,"column":11}},"7":{"start":{"line":152,"column":6},"end":{"line":152,"column":13}},"8":{"start":{"line":155,"column":6},"end":{"line":155,"column":13}},"9":{"start":{"line":158,"column":6},"end":{"line":158,"column":13}},"10":{"start":{"line":161,"column":6},"end":{"line":161,"column":13}},"11":{"start":{"line":164,"column":6},"end":{"line":164,"column":13}},"12":{"start":{"line":167,"column":6},"end":{"line":167,"column":13}},"13":{"start":{"line":172,"column":6},"end":{"line":172,"column":11}},"14":{"start":{"line":175,"column":6},"end":{"line":175,"column":11}}},"fnMap":{"0":{"name":"(anonymous_0)","decl":{"start":{"line":145,"column":8},"end":{"line":145,"column":20}},"loc":{"start":{"line":145,"column":20},"end":{"line":149,"column":null}}},"1":{"name":"(anonymous_1)","decl":{"start":{"line":151,"column":4},"end":{"line":151,"column":17}},"loc":{"start":{"line":151,"column":21},"end":{"line":153,"column":null}}},"2":{"name":"(anonymous_2)","decl":{"start":{"line":154,"column":4},"end":{"line":154,"column":20}},"loc":{"start":{"line":154,"column":24},"end":{"line":156,"column":null}}},"3":{"name":"(anonymous_3)","decl":{"start":{"line":157,"column":4},"end":{"line":157,"column":15}},"loc":{"start":{"line":157,"column":19},"end":{"line":159,"column":null}}},"4":{"name":"(anonymous_4)","decl":{"start":{"line":160,"column":4},"end":{"line":160,"column":17}},"loc":{"start":{"line":160,"column":21},"end":{"line":162,"column":null}}},"5":{"name":"(anonymous_5)","decl":{"start":{"line":163,"column":4},"end":{"line":163,"column":17}},"loc":{"start":{"line":163,"column":21},"end":{"line":165,"column":null}}},"6":{"name":"(anonymous_6)","decl":{"start":{"line":166,"column":4},"end":{"line":166,"column":15}},"loc":{"start":{"line":166,"column":19},"end":{"line":168,"column":null}}},"7":{"name":"(anonymous_7)","decl":{"start":{"line":171,"column":4},"end":{"line":171,"column":13}},"loc":{"start":{"line":171,"column":17},"end":{"line":173,"column":null}}},"8":{"name":"(anonymous_8)","decl":{"start":{"line":174,"column":4},"end":{"line":174,"column":14}},"loc":{"start":{"line":174,"column":18},"end":{"line":176,"column":null}}}},"branchMap":{},"s":{"0":1,"1":1,"2":1,"3":1,"4":1,"5":1,"6":10,"7":10,"8":10,"9":10,"10":10,"11":10,"12":10,"13":1,"14":1},"f":{"0":10,"1":10,"2":10,"3":10,"4":10,"5":10,"6":10,"7":1,"8":1},"b":{}}
,"E:\\git\\_NYPR\\nypr-design-system-vue\\src\\components\\TimeStamp.vue": {"path":"E:\\git\\_NYPR\\nypr-design-system-vue\\src\\components\\TimeStamp.vue","statementMap":{"0":{"start":{"line":11,"column":15},"end":{"line":11,"column":null}}},"fnMap":{},"branchMap":{},"s":{"0":0},"f":{},"b":{}}
,"E:\\git\\_NYPR\\nypr-design-system-vue\\src\\components\\TrackInfo.vue": {"path":"E:\\git\\_NYPR\\nypr-design-system-vue\\src\\components\\TrackInfo.vue","statementMap":{"0":{"start":{"line":99,"column":15},"end":{"line":99,"column":null}},"1":{"start":{"line":145,"column":6},"end":{"line":145,"column":13}},"2":{"start":{"line":148,"column":6},"end":{"line":148,"column":13}},"3":{"start":{"line":153,"column":21},"end":{"line":153,"column":25}},"4":{"start":{"line":154,"column":6},"end":{"line":154,"column":13}}},"fnMap":{"0":{"name":"(anonymous_0)","decl":{"start":{"line":144,"column":4},"end":{"line":144,"column":19}},"loc":{"start":{"line":144,"column":23},"end":{"line":146,"column":null}}},"1":{"name":"(anonymous_1)","decl":{"start":{"line":147,"column":4},"end":{"line":147,"column":19}},"loc":{"start":{"line":147,"column":23},"end":{"line":149,"column":null}}},"2":{"name":"(anonymous_2)","decl":{"start":{"line":152,"column":4},"end":{"line":152,"column":15}},"loc":{"start":{"line":152,"column":22},"end":{"line":155,"column":null}}}},"branchMap":{"0":{"loc":{"start":{"line":154,"column":13},"end":{"line":154,"column":null}},"type":"cond-expr","locations":[{"start":{"line":154,"column":43},"end":{"line":154,"column":49}},{"start":{"line":154,"column":62},"end":{"line":154,"column":null}}]}},"s":{"0":1,"1":12,"2":12,"3":24,"4":24},"f":{"0":12,"1":12,"2":24},"b":{"0":[24,0]}}
,"E:\\git\\_NYPR\\nypr-design-system-vue\\src\\components\\VAccordion.vue": {"path":"E:\\git\\_NYPR\\nypr-design-system-vue\\src\\components\\VAccordion.vue","statementMap":{"0":{"start":{"line":37,"column":0},"end":{"line":37,"column":null}},"1":{"start":{"line":38,"column":0},"end":{"line":38,"column":null}},"2":{"start":{"line":40,"column":15},"end":{"line":40,"column":null}},"3":{"start":{"line":55,"column":4},"end":{"line":55,"column":11}},"4":{"start":{"line":62,"column":6},"end":{"line":62,"column":13}},"5":{"start":{"line":65,"column":6},"end":{"line":65,"column":13}},"6":{"start":{"line":69,"column":4},"end":{"line":71,"column":null}},"7":{"start":{"line":70,"column":6},"end":{"line":70,"column":11}},"8":{"start":{"line":74,"column":4},"end":{"line":74,"column":9}},"9":{"start":{"line":78,"column":6},"end":{"line":78,"column":11}},"10":{"start":{"line":81,"column":6},"end":{"line":81,"column":11}}},"fnMap":{"0":{"name":"(anonymous_0)","decl":{"start":{"line":54,"column":2},"end":{"line":54,"column":6}},"loc":{"start":{"line":54,"column":10},"end":{"line":59,"column":null}}},"1":{"name":"(anonymous_1)","decl":{"start":{"line":61,"column":4},"end":{"line":61,"column":6}},"loc":{"start":{"line":61,"column":10},"end":{"line":63,"column":null}}},"2":{"name":"(anonymous_2)","decl":{"start":{"line":64,"column":4},"end":{"line":64,"column":11}},"loc":{"start":{"line":64,"column":15},"end":{"line":66,"column":null}}},"3":{"name":"(anonymous_3)","decl":{"start":{"line":68,"column":2},"end":{"line":68,"column":9}},"loc":{"start":{"line":68,"column":13},"end":{"line":72,"column":null}}},"4":{"name":"(anonymous_4)","decl":{"start":{"line":73,"column":2},"end":{"line":73,"column":9}},"loc":{"start":{"line":73,"column":13},"end":{"line":75,"column":null}}},"5":{"name":"(anonymous_5)","decl":{"start":{"line":77,"column":4},"end":{"line":77,"column":9}},"loc":{"start":{"line":77,"column":13},"end":{"line":79,"column":null}}},"6":{"name":"(anonymous_6)","decl":{"start":{"line":80,"column":4},"end":{"line":80,"column":8}},"loc":{"start":{"line":80,"column":12},"end":{"line":82,"column":null}}}},"branchMap":{"0":{"loc":{"start":{"line":69,"column":4},"end":{"line":71,"column":null}},"type":"if","locations":[{"start":{"line":69,"column":4},"end":{"line":71,"column":null}}]},"1":{"loc":{"start":{"line":69,"column":8},"end":{"line":69,"column":56}},"type":"binary-expr","locations":[{"start":{"line":69,"column":8},"end":{"line":69,"column":31}},{"start":{"line":69,"column":31},"end":{"line":69,"column":56}}]}},"s":{"0":1,"1":1,"2":1,"3":3,"4":3,"5":3,"6":3,"7":0,"8":0,"9":0,"10":0},"f":{"0":3,"1":3,"2":3,"3":3,"4":0,"5":0,"6":0},"b":{"0":[0],"1":[3,0]}}
,"E:\\git\\_NYPR\\nypr-design-system-vue\\src\\components\\VBanner.vue": {"path":"E:\\git\\_NYPR\\nypr-design-system-vue\\src\\components\\VBanner.vue","statementMap":{"0":{"start":{"line":54,"column":0},"end":{"line":54,"column":null}},"1":{"start":{"line":55,"column":0},"end":{"line":55,"column":null}},"2":{"start":{"line":57,"column":15},"end":{"line":57,"column":null}},"3":{"start":{"line":98,"column":4},"end":{"line":98,"column":11}}},"fnMap":{"0":{"name":"(anonymous_0)","decl":{"start":{"line":97,"column":2},"end":{"line":97,"column":6}},"loc":{"start":{"line":97,"column":10},"end":{"line":101,"column":null}}}},"branchMap":{},"s":{"0":1,"1":1,"2":1,"3":8},"f":{"0":8},"b":{}}
,"E:\\git\\_NYPR\\nypr-design-system-vue\\src\\components\\VButton.vue": {"path":"E:\\git\\_NYPR\\nypr-design-system-vue\\src\\components\\VButton.vue","statementMap":{"0":{"start":{"line":20,"column":15},"end":{"line":20,"column":null}}},"fnMap":{},"branchMap":{},"s":{"0":7},"f":{},"b":{}}
,"E:\\git\\_NYPR\\nypr-design-system-vue\\src\\components\\VByline.vue": {"path":"E:\\git\\_NYPR\\nypr-design-system-vue\\src\\components\\VByline.vue","statementMap":{"0":{"start":{"line":29,"column":15},"end":{"line":29,"column":null}}},"fnMap":{},"branchMap":{},"s":{"0":1},"f":{},"b":{}}
,"E:\\git\\_NYPR\\nypr-design-system-vue\\src\\components\\VCard.vue": {"path":"E:\\git\\_NYPR\\nypr-design-system-vue\\src\\components\\VCard.vue","statementMap":{"0":{"start":{"line":117,"column":0},"end":{"line":117,"column":null}},"1":{"start":{"line":118,"column":0},"end":{"line":118,"column":null}},"2":{"start":{"line":119,"column":0},"end":{"line":119,"column":null}},"3":{"start":{"line":121,"column":15},"end":{"line":121,"column":null}},"4":{"start":{"line":180,"column":6},"end":{"line":180,"column":13}}},"fnMap":{"0":{"name":"(anonymous_0)","decl":{"start":{"line":179,"column":4},"end":{"line":179,"column":14}},"loc":{"start":{"line":179,"column":18},"end":{"line":181,"column":null}}}},"branchMap":{"0":{"loc":{"start":{"line":180,"column":13},"end":{"line":180,"column":null}},"type":"binary-expr","locations":[{"start":{"line":180,"column":13},"end":{"line":180,"column":29}},{"start":{"line":180,"column":29},"end":{"line":180,"column":48}},{"start":{"line":180,"column":48},"end":{"line":180,"column":null}}]}},"s":{"0":1,"1":1,"2":1,"3":1,"4":10},"f":{"0":10},"b":{"0":[10,3,1]}}
,"E:\\git\\_NYPR\\nypr-design-system-vue\\src\\components\\VCounter.vue": {"path":"E:\\git\\_NYPR\\nypr-design-system-vue\\src\\components\\VCounter.vue","statementMap":{"0":{"start":{"line":26,"column":0},"end":{"line":26,"column":null}},"1":{"start":{"line":27,"column":0},"end":{"line":27,"column":null}},"2":{"start":{"line":29,"column":15},"end":{"line":29,"column":null}}},"fnMap":{},"branchMap":{},"s":{"0":2,"1":2,"2":2},"f":{},"b":{}}
,"E:\\git\\_NYPR\\nypr-design-system-vue\\src\\components\\VLottie.vue": {"path":"E:\\git\\_NYPR\\nypr-design-system-vue\\src\\components\\VLottie.vue","statementMap":{"0":{"start":{"line":8,"column":0},"end":{"line":8,"column":null}},"1":{"start":{"line":9,"column":0},"end":{"line":9,"column":null}},"2":{"start":{"line":11,"column":15},"end":{"line":11,"column":null}},"3":{"start":{"line":16,"column":4},"end":{"line":16,"column":11}}},"fnMap":{"0":{"name":"(anonymous_0)","decl":{"start":{"line":15,"column":2},"end":{"line":15,"column":6}},"loc":{"start":{"line":15,"column":10},"end":{"line":21,"column":null}}}},"branchMap":{},"s":{"0":1,"1":1,"2":1,"3":1},"f":{"0":1},"b":{}}
,"E:\\git\\_NYPR\\nypr-design-system-vue\\src\\components\\VPerson.vue": {"path":"E:\\git\\_NYPR\\nypr-design-system-vue\\src\\components\\VPerson.vue","statementMap":{"0":{"start":{"line":155,"column":0},"end":{"line":155,"column":null}},"1":{"start":{"line":156,"column":0},"end":{"line":156,"column":null}},"2":{"start":{"line":157,"column":0},"end":{"line":157,"column":null}},"3":{"start":{"line":158,"column":0},"end":{"line":158,"column":null}},"4":{"start":{"line":163,"column":15},"end":{"line":163,"column":null}},"5":{"start":{"line":176,"column":33},"end":{"line":176,"column":null}},"6":{"start":{"line":177,"column":8},"end":{"line":177,"column":14}},"7":{"start":{"line":178,"column":24},"end":{"line":178,"column":null}},"8":{"start":{"line":179,"column":25},"end":{"line":179,"column":null}},"9":{"start":{"line":180,"column":10},"end":{"line":180,"column":26}},"10":{"start":{"line":321,"column":4},"end":{"line":321,"column":11}},"11":{"start":{"line":331,"column":6},"end":{"line":331,"column":13}},"12":{"start":{"line":337,"column":6},"end":{"line":337,"column":13}},"13":{"start":{"line":340,"column":6},"end":{"line":340,"column":13}},"14":{"start":{"line":345,"column":6},"end":{"line":345,"column":11}},"15":{"start":{"line":349,"column":4},"end":{"line":349,"column":9}},"16":{"start":{"line":352,"column":27},"end":{"line":352,"column":null}},"17":{"start":{"line":355,"column":4},"end":{"line":357,"column":null}},"18":{"start":{"line":356,"column":6},"end":{"line":356,"column":11}},"19":{"start":{"line":359,"column":4},"end":{"line":361,"column":null}},"20":{"start":{"line":360,"column":6},"end":{"line":360,"column":16}},"21":{"start":{"line":362,"column":21},"end":{"line":362,"column":25}},"22":{"start":{"line":363,"column":6},"end":{"line":363,"column":13}},"23":{"start":{"line":364,"column":8},"end":{"line":376,"column":null}},"24":{"start":{"line":367,"column":10},"end":{"line":369,"column":null}},"25":{"start":{"line":368,"column":12},"end":{"line":368,"column":17}},"26":{"start":{"line":372,"column":10},"end":{"line":374,"column":null}},"27":{"start":{"line":373,"column":12},"end":{"line":373,"column":22}},"28":{"start":{"line":375,"column":10},"end":{"line":375,"column":18}},"29":{"start":{"line":380,"column":4},"end":{"line":380,"column":12}},"30":{"start":{"line":383,"column":4},"end":{"line":383,"column":9}},"31":{"start":{"line":384,"column":6},"end":{"line":384,"column":11}},"32":{"start":{"line":389,"column":19},"end":{"line":389,"column":21}},"33":{"start":{"line":390,"column":24},"end":{"line":390,"column":null}},"34":{"start":{"line":391,"column":6},"end":{"line":391,"column":13}},"35":{"start":{"line":394,"column":6},"end":{"line":394,"column":11}},"36":{"start":{"line":395,"column":7},"end":{"line":395,"column":12}},"37":{"start":{"line":404,"column":6},"end":{"line":409,"column":null}},"38":{"start":{"line":405,"column":8},"end":{"line":405,"column":14}},"39":{"start":{"line":412,"column":22},"end":{"line":412,"column":null}},"40":{"start":{"line":413,"column":6},"end":{"line":413,"column":13}},"41":{"start":{"line":414,"column":8},"end":{"line":414,"column":20}},"42":{"start":{"line":415,"column":19},"end":{"line":415,"column":null}},"43":{"start":{"line":416,"column":19},"end":{"line":416,"column":null}},"44":{"start":{"line":417,"column":8},"end":{"line":417,"column":17}},"45":{"start":{"line":418,"column":10},"end":{"line":418,"column":12}},"46":{"start":{"line":423,"column":6},"end":{"line":423,"column":11}},"47":{"start":{"line":426,"column":6},"end":{"line":430,"column":null}},"48":{"start":{"line":427,"column":42},"end":{"line":427,"column":null}},"49":{"start":{"line":428,"column":24},"end":{"line":428,"column":null}},"50":{"start":{"line":429,"column":8},"end":{"line":429,"column":19}},"51":{"start":{"line":433,"column":6},"end":{"line":433,"column":11}},"52":{"start":{"line":434,"column":6},"end":{"line":434,"column":11}},"53":{"start":{"line":435,"column":6},"end":{"line":435,"column":11}},"54":{"start":{"line":436,"column":6},"end":{"line":436,"column":11}},"55":{"start":{"line":438,"column":6},"end":{"line":445,"column":null}},"56":{"start":{"line":439,"column":8},"end":{"line":439,"column":18}},"57":{"start":{"line":440,"column":10},"end":{"line":440,"column":16}},"58":{"start":{"line":449,"column":6},"end":{"line":449,"column":11}},"59":{"start":{"line":450,"column":30},"end":{"line":450,"column":null}},"60":{"start":{"line":451,"column":6},"end":{"line":451,"column":16}},"61":{"start":{"line":452,"column":18},"end":{"line":452,"column":null}},"62":{"start":{"line":453,"column":18},"end":{"line":453,"column":null}},"63":{"start":{"line":454,"column":8},"end":{"line":454,"column":14}},"64":{"start":{"line":455,"column":8},"end":{"line":455,"column":14}},"65":{"start":{"line":456,"column":8},"end":{"line":456,"column":14}},"66":{"start":{"line":457,"column":8},"end":{"line":457,"column":11}},"67":{"start":{"line":458,"column":8},"end":{"line":458,"column":14}},"68":{"start":{"line":462,"column":6},"end":{"line":462,"column":13}},"69":{"start":{"line":465,"column":19},"end":{"line":465,"column":null}},"70":{"start":{"line":466,"column":18},"end":{"line":466,"column":21}},"71":{"start":{"line":467,"column":6},"end":{"line":467,"column":13}},"72":{"start":{"line":471,"column":23},"end":{"line":471,"column":null}},"73":{"start":{"line":473,"column":6},"end":{"line":478,"column":null}},"74":{"start":{"line":474,"column":8},"end":{"line":474,"column":16}},"75":{"start":{"line":479,"column":6},"end":{"line":486,"column":null}},"76":{"start":{"line":480,"column":8},"end":{"line":480,"column":13}},"77":{"start":{"line":481,"column":10},"end":{"line":481,"column":18}},"78":{"start":{"line":487,"column":6},"end":{"line":493,"column":null}},"79":{"start":{"line":488,"column":8},"end":{"line":488,"column":16}},"80":{"start":{"line":494,"column":6},"end":{"line":494,"column":13}}},"fnMap":{"0":{"name":"(anonymous_0)","decl":{"start":{"line":175,"column":16},"end":{"line":175,"column":26}},"loc":{"start":{"line":175,"column":39},"end":{"line":182,"column":null}}},"1":{"name":"(anonymous_1)","decl":{"start":{"line":177,"column":42},"end":{"line":177,"column":48}},"loc":{"start":{"line":177,"column":48},"end":{"line":181,"column":null}}},"2":{"name":"(anonymous_2)","decl":{"start":{"line":320,"column":2},"end":{"line":320,"column":6}},"loc":{"start":{"line":320,"column":10},"end":{"line":328,"column":null}}},"3":{"name":"(anonymous_3)","decl":{"start":{"line":330,"column":4},"end":{"line":330,"column":11}},"loc":{"start":{"line":330,"column":15},"end":{"line":335,"column":null}}},"4":{"name":"(anonymous_4)","decl":{"start":{"line":336,"column":4},"end":{"line":336,"column":14}},"loc":{"start":{"line":336,"column":18},"end":{"line":338,"column":null}}},"5":{"name":"(anonymous_5)","decl":{"start":{"line":339,"column":4},"end":{"line":339,"column":24}},"loc":{"start":{"line":339,"column":28},"end":{"line":341,"column":null}}},"6":{"name":"(anonymous_6)","decl":{"start":{"line":344,"column":16},"end":{"line":344,"column":28}},"loc":{"start":{"line":344,"column":28},"end":{"line":346,"column":null}}},"7":{"name":"(anonymous_7)","decl":{"start":{"line":348,"column":2},"end":{"line":348,"column":13}},"loc":{"start":{"line":348,"column":17},"end":{"line":350,"column":null}}},"8":{"name":"(anonymous_8)","decl":{"start":{"line":351,"column":2},"end":{"line":351,"column":9}},"loc":{"start":{"line":351,"column":13},"end":{"line":386,"column":null}}},"9":{"name":"(anonymous_9)","decl":{"start":{"line":362,"column":47},"end":{"line":362,"column":59}},"loc":{"start":{"line":362,"column":59},"end":{"line":378,"column":null}}},"10":{"name":"(anonymous_10)","decl":{"start":{"line":363,"column":23},"end":{"line":363,"column":33}},"loc":{"start":{"line":363,"column":33},"end":{"line":377,"column":null}}},"11":{"name":"(anonymous_11)","decl":{"start":{"line":383,"column":51},"end":{"line":383,"column":57}},"loc":{"start":{"line":383,"column":57},"end":{"line":385,"column":7}}},"12":{"name":"(anonymous_12)","decl":{"start":{"line":388,"column":4},"end":{"line":388,"column":16}},"loc":{"start":{"line":388,"column":22},"end":{"line":392,"column":null}}},"13":{"name":"(anonymous_13)","decl":{"start":{"line":393,"column":4},"end":{"line":393,"column":15}},"loc":{"start":{"line":393,"column":19},"end":{"line":410,"column":null}}},"14":{"name":"(anonymous_14)","decl":{"start":{"line":411,"column":4},"end":{"line":411,"column":12}},"loc":{"start":{"line":411,"column":25},"end":{"line":421,"column":null}}},"15":{"name":"(anonymous_15)","decl":{"start":{"line":413,"column":13},"end":{"line":413,"column":25}},"loc":{"start":{"line":413,"column":25},"end":{"line":420,"column":null}}},"16":{"name":"(anonymous_16)","decl":{"start":{"line":417,"column":31},"end":{"line":417,"column":43}},"loc":{"start":{"line":417,"column":43},"end":{"line":419,"column":11}}},"17":{"name":"(anonymous_17)","decl":{"start":{"line":422,"column":4},"end":{"line":422,"column":12}},"loc":{"start":{"line":422,"column":20},"end":{"line":424,"column":null}}},"18":{"name":"(anonymous_18)","decl":{"start":{"line":425,"column":4},"end":{"line":425,"column":16}},"loc":{"start":{"line":425,"column":20},"end":{"line":431,"column":null}}},"19":{"name":"(anonymous_19)","decl":{"start":{"line":432,"column":22},"end":{"line":432,"column":32}},"loc":{"start":{"line":432,"column":39},"end":{"line":446,"column":null}}},"20":{"name":"(anonymous_20)","decl":{"start":{"line":439,"column":19},"end":{"line":439,"column":25}},"loc":{"start":{"line":439,"column":25},"end":{"line":444,"column":11}}},"21":{"name":"(anonymous_21)","decl":{"start":{"line":447,"column":4},"end":{"line":447,"column":23}},"loc":{"start":{"line":447,"column":37},"end":{"line":460,"column":null}}},"22":{"name":"(anonymous_22)","decl":{"start":{"line":451,"column":17},"end":{"line":451,"column":29}},"loc":{"start":{"line":451,"column":29},"end":{"line":459,"column":9}}},"23":{"name":"(anonymous_23)","decl":{"start":{"line":461,"column":4},"end":{"line":461,"column":9}},"loc":{"start":{"line":461,"column":21},"end":{"line":463,"column":null}}},"24":{"name":"(anonymous_24)","decl":{"start":{"line":464,"column":4},"end":{"line":464,"column":16}},"loc":{"start":{"line":464,"column":23},"end":{"line":468,"column":null}}},"25":{"name":"(anonymous_25)","decl":{"start":{"line":469,"column":4},"end":{"line":469,"column":15}},"loc":{"start":{"line":469,"column":19},"end":{"line":495,"column":null}}},"26":{"name":"(anonymous_26)","decl":{"start":{"line":480,"column":35},"end":{"line":480,"column":45}},"loc":{"start":{"line":480,"column":45},"end":{"line":485,"column":null}}}},"branchMap":{"0":{"loc":{"start":{"line":332,"column":23},"end":{"line":332,"column":null}},"type":"cond-expr","locations":[{"start":{"line":332,"column":39},"end":{"line":332,"column":61}},{"start":{"line":332,"column":61},"end":{"line":332,"column":null}}]},"1":{"loc":{"start":{"line":333,"column":25},"end":{"line":333,"column":null}},"type":"cond-expr","locations":[{"start":{"line":333,"column":41},"end":{"line":333,"column":57}},{"start":{"line":333,"column":57},"end":{"line":333,"column":null}}]},"2":{"loc":{"start":{"line":337,"column":13},"end":{"line":337,"column":null}},"type":"binary-expr","locations":[{"start":{"line":337,"column":13},"end":{"line":337,"column":28}},{"start":{"line":337,"column":28},"end":{"line":337,"column":44}},{"start":{"line":337,"column":44},"end":{"line":337,"column":61}},{"start":{"line":337,"column":61},"end":{"line":337,"column":null}}]},"3":{"loc":{"start":{"line":355,"column":4},"end":{"line":357,"column":null}},"type":"if","locations":[{"start":{"line":355,"column":4},"end":{"line":357,"column":null}}]},"4":{"loc":{"start":{"line":359,"column":4},"end":{"line":361,"column":null}},"type":"if","locations":[{"start":{"line":359,"column":4},"end":{"line":361,"column":null}}]},"5":{"loc":{"start":{"line":364,"column":8},"end":{"line":376,"column":null}},"type":"if","locations":[{"start":{"line":364,"column":8},"end":{"line":376,"column":null}}]},"6":{"loc":{"start":{"line":367,"column":10},"end":{"line":369,"column":null}},"type":"if","locations":[{"start":{"line":367,"column":10},"end":{"line":369,"column":null}}]},"7":{"loc":{"start":{"line":367,"column":14},"end":{"line":367,"column":33}},"type":"binary-expr","locations":[{"start":{"line":367,"column":14},"end":{"line":367,"column":28}},{"start":{"line":367,"column":28},"end":{"line":367,"column":33}}]},"8":{"loc":{"start":{"line":372,"column":10},"end":{"line":374,"column":null}},"type":"if","locations":[{"start":{"line":372,"column":10},"end":{"line":374,"column":null}}]},"9":{"loc":{"start":{"line":390,"column":24},"end":{"line":390,"column":null}},"type":"binary-expr","locations":[{"start":{"line":390,"column":24},"end":{"line":390,"column":46}},{"start":{"line":390,"column":46},"end":{"line":390,"column":null}}]},"10":{"loc":{"start":{"line":404,"column":6},"end":{"line":409,"column":null}},"type":"if","locations":[{"start":{"line":404,"column":6},"end":{"line":409,"column":null}}]},"11":{"loc":{"start":{"line":426,"column":6},"end":{"line":430,"column":null}},"type":"if","locations":[{"start":{"line":426,"column":6},"end":{"line":430,"column":null}}]},"12":{"loc":{"start":{"line":426,"column":10},"end":{"line":426,"column":43}},"type":"binary-expr","locations":[{"start":{"line":426,"column":10},"end":{"line":426,"column":28}},{"start":{"line":426,"column":28},"end":{"line":426,"column":43}}]},"13":{"loc":{"start":{"line":438,"column":6},"end":{"line":445,"column":null}},"type":"if","locations":[{"start":{"line":438,"column":6},"end":{"line":445,"column":null}}]},"14":{"loc":{"start":{"line":467,"column":13},"end":{"line":467,"column":null}},"type":"cond-expr","locations":[{"start":{"line":467,"column":47},"end":{"line":467,"column":53}},{"start":{"line":467,"column":58},"end":{"line":467,"column":null}}]},"15":{"loc":{"start":{"line":467,"column":13},"end":{"line":467,"column":47}},"type":"binary-expr","locations":[{"start":{"line":467,"column":13},"end":{"line":467,"column":18}},{"start":{"line":467,"column":22},"end":{"line":467,"column":47}}]},"16":{"loc":{"start":{"line":471,"column":23},"end":{"line":471,"column":null}},"type":"cond-expr","locations":[{"start":{"line":471,"column":37},"end":{"line":471,"column":51}},{"start":{"line":471,"column":51},"end":{"line":471,"column":null}}]},"17":{"loc":{"start":{"line":473,"column":6},"end":{"line":478,"column":null}},"type":"if","locations":[{"start":{"line":473,"column":6},"end":{"line":478,"column":null}}]},"18":{"loc":{"start":{"line":479,"column":6},"end":{"line":486,"column":null}},"type":"if","locations":[{"start":{"line":479,"column":6},"end":{"line":486,"column":null}}]},"19":{"loc":{"start":{"line":487,"column":6},"end":{"line":493,"column":null}},"type":"if","locations":[{"start":{"line":487,"column":6},"end":{"line":493,"column":null}}]},"20":{"loc":{"start":{"line":491,"column":17},"end":{"line":491,"column":null}},"type":"cond-expr","locations":[{"start":{"line":491,"column":37},"end":{"line":491,"column":57}},{"start":{"line":491,"column":57},"end":{"line":491,"column":null}}]}},"s":{"0":1,"1":1,"2":1,"3":1,"4":1,"5":0,"6":0,"7":0,"8":0,"9":0,"10":13,"11":13,"12":13,"13":3,"14":0,"15":13,"16":13,"17":13,"18":3,"19":13,"20":2,"21":13,"22":0,"23":0,"24":0,"25":0,"26":0,"27":0,"28":0,"29":13,"30":13,"31":0,"32":0,"33":0,"34":0,"35":0,"36":0,"37":0,"38":0,"39":13,"40":13,"41":0,"42":0,"43":0,"44":0,"45":0,"46":0,"47":3,"48":3,"49":3,"50":3,"51":0,"52":0,"53":0,"54":0,"55":0,"56":0,"57":0,"58":0,"59":0,"60":0,"61":0,"62":0,"63":0,"64":0,"65":0,"66":0,"67":0,"68":1,"69":1,"70":1,"71":1,"72":13,"73":13,"74":0,"75":13,"76":0,"77":0,"78":13,"79":0,"80":13},"f":{"0":0,"1":0,"2":13,"3":13,"4":13,"5":3,"6":0,"7":13,"8":13,"9":0,"10":0,"11":0,"12":0,"13":0,"14":13,"15":0,"16":0,"17":0,"18":3,"19":0,"20":0,"21":0,"22":0,"23":1,"24":1,"25":13,"26":0},"b":{"0":[13,0],"1":[3,10],"2":[13,4,4,4],"3":[3],"4":[2],"5":[0],"6":[0],"7":[0,0],"8":[0],"9":[0,0],"10":[0],"11":[3],"12":[3,3],"13":[0],"14":[1,0],"15":[1,1],"16":[3,10],"17":[0],"18":[0],"19":[0],"20":[0,0]}}
,"E:\\git\\_NYPR\\nypr-design-system-vue\\src\\components\\VSearch.vue": {"path":"E:\\git\\_NYPR\\nypr-design-system-vue\\src\\components\\VSearch.vue","statementMap":{"0":{"start":{"line":69,"column":0},"end":{"line":69,"column":null}},"1":{"start":{"line":70,"column":0},"end":{"line":70,"column":null}},"2":{"start":{"line":71,"column":0},"end":{"line":71,"column":null}},"3":{"start":{"line":73,"column":15},"end":{"line":73,"column":null}},"4":{"start":{"line":104,"column":4},"end":{"line":104,"column":11}},"5":{"start":{"line":111,"column":4},"end":{"line":113,"column":null}},"6":{"start":{"line":112,"column":6},"end":{"line":112,"column":11}},"7":{"start":{"line":117,"column":6},"end":{"line":119,"column":null}},"8":{"start":{"line":118,"column":8},"end":{"line":118,"column":13}},"9":{"start":{"line":124,"column":6},"end":{"line":124,"column":12}},"10":{"start":{"line":125,"column":6},"end":{"line":125,"column":11}},"11":{"start":{"line":126,"column":8},"end":{"line":126,"column":13}},"12":{"start":{"line":127,"column":8},"end":{"line":127,"column":14}},"13":{"start":{"line":131,"column":6},"end":{"line":131,"column":11}},"14":{"start":{"line":132,"column":6},"end":{"line":132,"column":11}},"15":{"start":{"line":133,"column":6},"end":{"line":133,"column":11}},"16":{"start":{"line":134,"column":8},"end":{"line":134,"column":13}},"17":{"start":{"line":135,"column":8},"end":{"line":135,"column":13}},"18":{"start":{"line":139,"column":6},"end":{"line":139,"column":11}},"19":{"start":{"line":140,"column":6},"end":{"line":140,"column":11}}},"fnMap":{"0":{"name":"(anonymous_0)","decl":{"start":{"line":103,"column":2},"end":{"line":103,"column":6}},"loc":{"start":{"line":103,"column":10},"end":{"line":109,"column":null}}},"1":{"name":"(anonymous_1)","decl":{"start":{"line":110,"column":2},"end":{"line":110,"column":13}},"loc":{"start":{"line":110,"column":17},"end":{"line":114,"column":null}}},"2":{"name":"(anonymous_2)","decl":{"start":{"line":116,"column":4},"end":{"line":116,"column":9}},"loc":{"start":{"line":116,"column":13},"end":{"line":120,"column":null}}},"3":{"name":"(anonymous_3)","decl":{"start":{"line":121,"column":4},"end":{"line":121,"column":17}},"loc":{"start":{"line":121,"column":21},"end":{"line":129,"column":null}}},"4":{"name":"(anonymous_4)","decl":{"start":{"line":125,"column":39},"end":{"line":125,"column":45}},"loc":{"start":{"line":125,"column":45},"end":{"line":128,"column":9}}},"5":{"name":"(anonymous_5)","decl":{"start":{"line":130,"column":4},"end":{"line":130,"column":8}},"loc":{"start":{"line":130,"column":13},"end":{"line":137,"column":null}}},"6":{"name":"(anonymous_6)","decl":{"start":{"line":133,"column":21},"end":{"line":133,"column":27}},"loc":{"start":{"line":133,"column":27},"end":{"line":136,"column":null}}},"7":{"name":"(anonymous_7)","decl":{"start":{"line":138,"column":4},"end":{"line":138,"column":10}},"loc":{"start":{"line":138,"column":15},"end":{"line":141,"column":null}}}},"branchMap":{"0":{"loc":{"start":{"line":111,"column":4},"end":{"line":113,"column":null}},"type":"if","locations":[{"start":{"line":111,"column":4},"end":{"line":113,"column":null}}]},"1":{"loc":{"start":{"line":117,"column":6},"end":{"line":119,"column":null}},"type":"if","locations":[{"start":{"line":117,"column":6},"end":{"line":119,"column":null}}]}},"s":{"0":2,"1":2,"2":2,"3":2,"4":12,"5":12,"6":4,"7":7,"8":6,"9":6,"10":6,"11":1,"12":1,"13":4,"14":4,"15":4,"16":4,"17":4,"18":2,"19":2},"f":{"0":12,"1":12,"2":7,"3":6,"4":1,"5":4,"6":4,"7":2},"b":{"0":[4],"1":[6]}}
,"E:\\git\\_NYPR\\nypr-design-system-vue\\src\\components\\VSpacer.vue": {"path":"E:\\git\\_NYPR\\nypr-design-system-vue\\src\\components\\VSpacer.vue","statementMap":{"0":{"start":{"line":9,"column":17},"end":{"line":9,"column":null}},"1":{"start":{"line":19,"column":8},"end":{"line":23,"column":null}},"2":{"start":{"line":20,"column":10},"end":{"line":20,"column":17}},"3":{"start":{"line":22,"column":10},"end":{"line":22,"column":17}}},"fnMap":{"0":{"name":"(anonymous_0)","decl":{"start":{"line":18,"column":6},"end":{"line":18,"column":18}},"loc":{"start":{"line":18,"column":22},"end":{"line":24,"column":null}}}},"branchMap":{"0":{"loc":{"start":{"line":19,"column":8},"end":{"line":23,"column":null}},"type":"if","locations":[{"start":{"line":19,"column":8},"end":{"line":23,"column":null}},{"start":{"line":21,"column":15},"end":{"line":23,"column":null}}]}},"s":{"0":2,"1":51,"2":39,"3":12},"f":{"0":51},"b":{"0":[39,12]}}
,"E:\\git\\_NYPR\\nypr-design-system-vue\\src\\components\\VTag.vue": {"path":"E:\\git\\_NYPR\\nypr-design-system-vue\\src\\components\\VTag.vue","statementMap":{"0":{"start":{"line":13,"column":15},"end":{"line":13,"column":null}}},"fnMap":{},"branchMap":{},"s":{"0":3},"f":{},"b":{}}
,"E:\\git\\_NYPR\\nypr-design-system-vue\\src\\components\\VolumeControl.vue": {"path":"E:\\git\\_NYPR\\nypr-design-system-vue\\src\\components\\VolumeControl.vue","statementMap":{"0":{"start":{"line":38,"column":0},"end":{"line":38,"column":null}},"1":{"start":{"line":39,"column":0},"end":{"line":39,"column":null}},"2":{"start":{"line":41,"column":15},"end":{"line":41,"column":null}},"3":{"start":{"line":58,"column":4},"end":{"line":58,"column":11}}},"fnMap":{"0":{"name":"(anonymous_0)","decl":{"start":{"line":57,"column":2},"end":{"line":57,"column":6}},"loc":{"start":{"line":57,"column":10},"end":{"line":62,"column":null}}}},"branchMap":{},"s":{"0":1,"1":1,"2":1,"3":15},"f":{"0":15},"b":{}}
}
