TN:
SF:src\components\ArticleMetadata.vue
FNF:0
FNH:0
DA:47,1
LF:1
LH:1
BRF:0
BRH:0
end_of_record
TN:
SF:src\components\CalloutBanner.vue
FN:27,(anonymous_0)
FNF:1
FNH:1
FNDA:3,(anonymous_0)
DA:20,1
DA:22,1
DA:28,3
LF:3
LH:3
BRF:0
BRH:0
end_of_record
TN:
SF:src\components\FactBox.vue
FNF:0
FNH:0
DA:41,0
LF:1
LH:0
BRF:0
BRH:0
end_of_record
TN:
SF:src\components\GalleryPreview.vue
FN:68,(anonymous_0)
FN:75,(anonymous_1)
FN:82,(anonymous_2)
FN:85,(anonymous_3)
FN:94,(anonymous_4)
FNF:5
FNH:5
FNDA:1,(anonymous_0)
FNDA:12,(anonymous_1)
FNDA:12,(anonymous_2)
FNDA:12,(anonymous_3)
FNDA:1,(anonymous_4)
DA:48,1
DA:49,1
DA:51,1
DA:68,1
DA:76,12
DA:83,12
DA:86,12
DA:87,2
DA:89,12
DA:90,1
DA:95,1
DA:96,1
LF:12
LH:12
BRDA:86,0,0,2
BRDA:89,1,0,1
BRF:2
BRH:2
end_of_record
TN:
SF:src\components\ImageWithCaption.vue
FN:160,(anonymous_0)
FN:166,(anonymous_1)
FN:171,(anonymous_2)
FNF:3
FNH:3
FNDA:21,(anonymous_0)
FNDA:14,(anonymous_1)
FNDA:2,(anonymous_2)
DA:85,2
DA:86,2
DA:87,2
DA:88,2
DA:90,2
DA:161,21
DA:167,14
DA:172,2
DA:173,2
DA:174,1
DA:176,1
LF:11
LH:11
BRDA:173,0,0,1
BRDA:173,0,1,1
BRF:2
BRH:2
end_of_record
TN:
SF:src\components\LiveIndicator.vue
FNF:0
FNH:0
DA:11,2
DA:13,2
LF:2
LH:2
BRF:0
BRH:0
end_of_record
TN:
SF:src\components\MainPlayer.vue
FNF:0
FNH:0
DA:73,1
DA:75,1
LF:2
LH:2
BRF:0
BRH:0
end_of_record
TN:
SF:src\components\MediaEmbed.vue
FNF:0
FNH:0
DA:14,1
LF:1
LH:1
BRF:0
BRH:0
end_of_record
TN:
SF:src\components\PersistentPlayer.vue
FN:178,(anonymous_0)
FN:189,(anonymous_1)
FN:192,(anonymous_2)
FN:216,(anonymous_3)
FN:220,(anonymous_4)
FN:224,(anonymous_5)
FN:228,(anonymous_6)
FN:232,(anonymous_7)
FN:239,(anonymous_8)
FNF:9
FNH:2
FNDA:15,(anonymous_0)
FNDA:15,(anonymous_1)
FNDA:0,(anonymous_2)
FNDA:0,(anonymous_3)
FNDA:0,(anonymous_4)
FNDA:0,(anonymous_5)
FNDA:0,(anonymous_6)
FNDA:0,(anonymous_7)
FNDA:0,(anonymous_8)
DA:81,1
DA:82,1
DA:83,1
DA:84,1
DA:85,1
DA:86,1
DA:87,1
DA:88,1
DA:89,1
DA:91,1
DA:179,15
DA:190,15
DA:192,15
DA:193,0
DA:195,0
DA:196,0
DA:198,0
DA:199,0
DA:201,0
DA:202,0
DA:204,0
DA:205,0
DA:207,0
DA:208,0
DA:210,0
DA:211,0
DA:217,0
DA:218,0
DA:222,0
DA:240,0
LF:30
LH:13
BRDA:193,0,0,0
BRDA:193,0,1,0
BRDA:193,0,2,0
BRDA:193,0,3,0
BRDA:193,0,4,0
BRDA:193,0,5,0
BRDA:201,1,0,0
BRDA:204,2,0,0
BRDA:218,3,0,0
BRDA:218,3,1,0
BRF:10
BRH:0
end_of_record
TN:
SF:src\components\ProgressBar.vue
FNF:0
FNH:0
DA:11,1
LF:1
LH:1
BRF:0
BRH:0
end_of_record
TN:
SF:src\components\PullQuote.vue
FNF:0
FNH:0
DA:13,0
LF:1
LH:0
BRF:0
BRH:0
end_of_record
TN:
SF:src\components\SecondaryNavigation.vue
FNF:0
FNH:0
DA:57,3
DA:59,3
LF:2
LH:2
BRF:0
BRH:0
end_of_record
TN:
SF:src\components\SegmentList.vue
FNF:0
FNH:0
DA:11,0
LF:1
LH:0
BRF:0
BRH:0
end_of_record
TN:
SF:src\components\SegmentListItem.vue
FNF:0
FNH:0
DA:26,1
DA:28,1
LF:2
LH:2
BRF:0
BRH:0
end_of_record
TN:
SF:src\components\ShareTools.vue
FNF:0
FNH:0
DA:16,2
LF:1
LH:1
BRF:0
BRH:0
end_of_record
TN:
SF:src\components\ShareToolsItem.vue
FN:126,(anonymous_0)
FN:130,(anonymous_1)
FN:134,(anonymous_2)
FN:137,(anonymous_3)
FN:140,(anonymous_4)
FN:142,(anonymous_5)
FN:152,(anonymous_6)
FN:172,(anonymous_7)
FN:184,(anonymous_8)
FN:191,getPopupPosition
FN:204,(anonymous_10)
FNF:11
FNH:11
FNDA:35,(anonymous_0)
FNDA:37,(anonymous_1)
FNDA:14,(anonymous_2)
FNDA:5,(anonymous_3)
FNDA:5,(anonymous_4)
FNDA:3,(anonymous_5)
FNDA:4,(anonymous_6)
FNDA:33,(anonymous_7)
FNDA:5,(anonymous_8)
FNDA:5,getPopupPosition
FNDA:5,(anonymous_10)
DA:31,2
DA:32,2
DA:33,2
DA:34,2
DA:35,2
DA:38,2
DA:39,2
DA:40,2
DA:41,2
DA:42,2
DA:44,2
DA:45,2
DA:84,2
DA:126,35
DA:130,37
DA:135,14
DA:138,5
DA:141,5
DA:143,3
DA:146,5
DA:147,5
DA:148,1
DA:151,5
DA:153,4
DA:161,5
DA:163,5
DA:164,5
DA:165,4
DA:166,4
DA:167,4
DA:170,5
DA:173,33
DA:174,6
DA:175,27
DA:176,27
DA:177,0
DA:178,0
DA:180,0
DA:185,5
DA:186,0
DA:189,5
DA:192,5
DA:193,5
DA:195,5
DA:196,5
DA:198,5
DA:199,5
DA:201,5
DA:204,5
DA:205,5
DA:206,5
DA:207,5
DA:214,5
DA:219,0
LF:54
LH:49
BRDA:135,0,0,14
BRDA:135,0,1,1
BRDA:135,1,0,1
BRDA:135,1,1,13
BRDA:135,2,0,14
BRDA:135,2,1,14
BRDA:138,3,0,5
BRDA:138,3,1,0
BRDA:138,4,0,0
BRDA:138,4,1,5
BRDA:138,5,0,5
BRDA:138,5,1,5
BRDA:147,6,0,1
BRDA:163,7,0,0
BRDA:163,7,1,5
BRDA:163,8,0,5
BRDA:163,8,1,5
BRDA:164,9,0,4
BRDA:165,10,0,4
BRDA:165,10,1,2
BRDA:165,11,0,0
BRDA:165,11,1,4
BRDA:165,12,0,4
BRDA:165,12,1,4
BRDA:173,13,0,6
BRDA:173,13,1,27
BRDA:175,14,0,27
BRDA:175,14,1,0
BRDA:177,15,0,0
BRDA:185,16,0,0
BRDA:214,17,0,0
BRDA:215,18,0,5
BRDA:215,18,1,0
BRDA:215,18,2,0
BRF:34
BRH:24
end_of_record
TN:
SF:src\components\SimpleResponsiveImage.vue
FN:77,(anonymous_0)
FN:83,(anonymous_1)
FN:93,(anonymous_2)
FNF:3
FNH:3
FNDA:51,(anonymous_0)
FNDA:50,(anonymous_1)
FNDA:50,(anonymous_2)
DA:15,3
DA:78,51
DA:84,50
DA:85,50
DA:86,50
DA:90,0
DA:94,50
DA:95,50
DA:98,50
DA:101,19
DA:103,31
DA:104,31
DA:105,124
DA:106,124
DA:107,124
DA:108,0
DA:109,0
DA:111,124
DA:114,124
DA:116,31
DA:118,0
LF:21
LH:17
BRDA:85,0,0,50
BRDA:85,0,1,0
BRDA:95,1,0,50
BRDA:95,1,1,0
BRDA:98,2,0,19
BRDA:107,3,0,0
BRDA:107,4,0,124
BRDA:107,4,1,124
BRF:8
BRH:5
end_of_record
TN:
SF:src\components\StreamSwitcher.vue
FNF:0
FNH:0
DA:11,1
LF:1
LH:1
BRF:0
BRH:0
end_of_record
TN:
SF:src\components\StreamSwitcherCard.vue
FNF:0
FNH:0
DA:40,1
DA:42,1
LF:2
LH:2
BRF:0
BRH:0
end_of_record
TN:
SF:src\components\TheFooter.vue
FN:148,(anonymous_0)
FN:151,(anonymous_1)
FN:154,(anonymous_2)
FNF:3
FNH:3
FNDA:12,(anonymous_0)
FNDA:12,(anonymous_1)
FNDA:12,(anonymous_2)
DA:108,1
DA:109,1
DA:111,1
DA:149,12
DA:152,12
DA:155,12
LF:6
LH:6
BRF:0
BRH:0
end_of_record
TN:
SF:src\components\TheHeader.vue
FNF:0
FNH:0
DA:57,1
DA:59,1
LF:2
LH:2
BRF:0
BRH:0
end_of_record
TN:
SF:src\components\TheMenu.vue
FN:145,(anonymous_0)
FN:151,(anonymous_1)
FN:154,(anonymous_2)
FN:157,(anonymous_3)
FN:160,(anonymous_4)
FN:163,(anonymous_5)
FN:166,(anonymous_6)
FN:171,(anonymous_7)
FN:174,(anonymous_8)
FNF:9
FNH:9
FNDA:10,(anonymous_0)
FNDA:10,(anonymous_1)
FNDA:10,(anonymous_2)
FNDA:10,(anonymous_3)
FNDA:10,(anonymous_4)
FNDA:10,(anonymous_5)
FNDA:10,(anonymous_6)
FNDA:1,(anonymous_7)
FNDA:1,(anonymous_8)
DA:112,1
DA:113,1
DA:114,1
DA:115,1
DA:116,1
DA:118,1
DA:146,10
DA:152,10
DA:155,10
DA:158,10
DA:161,10
DA:164,10
DA:167,10
DA:172,1
DA:175,1
LF:15
LH:15
BRF:0
BRH:0
end_of_record
TN:
SF:src\components\TimeStamp.vue
FNF:0
FNH:0
DA:11,0
LF:1
LH:0
BRF:0
BRH:0
end_of_record
TN:
SF:src\components\TrackInfo.vue
FN:144,(anonymous_0)
FN:147,(anonymous_1)
FN:152,(anonymous_2)
FNF:3
FNH:3
FNDA:12,(anonymous_0)
FNDA:12,(anonymous_1)
FNDA:24,(anonymous_2)
DA:99,1
DA:145,12
DA:148,12
DA:153,24
DA:154,24
LF:5
LH:5
BRDA:154,0,0,24
BRDA:154,0,1,0
BRF:2
BRH:1
end_of_record
TN:
SF:src\components\VAccordion.vue
FN:54,(anonymous_0)
FN:61,(anonymous_1)
FN:64,(anonymous_2)
FN:68,(anonymous_3)
FN:73,(anonymous_4)
FN:77,(anonymous_5)
FN:80,(anonymous_6)
FNF:7
FNH:4
FNDA:3,(anonymous_0)
FNDA:3,(anonymous_1)
FNDA:3,(anonymous_2)
FNDA:3,(anonymous_3)
FNDA:0,(anonymous_4)
FNDA:0,(anonymous_5)
FNDA:0,(anonymous_6)
DA:37,1
DA:38,1
DA:40,1
DA:55,3
DA:62,3
DA:65,3
DA:69,3
DA:70,0
DA:74,0
DA:78,0
DA:81,0
LF:11
LH:7
BRDA:69,0,0,0
BRDA:69,1,0,3
BRDA:69,1,1,0
BRF:3
BRH:1
end_of_record
TN:
SF:src\components\VBanner.vue
FN:97,(anonymous_0)
FNF:1
FNH:1
FNDA:8,(anonymous_0)
DA:54,1
DA:55,1
DA:57,1
DA:98,8
LF:4
LH:4
BRF:0
BRH:0
end_of_record
TN:
SF:src\components\VButton.vue
FNF:0
FNH:0
DA:20,7
LF:1
LH:1
BRF:0
BRH:0
end_of_record
TN:
SF:src\components\VByline.vue
FNF:0
FNH:0
DA:29,1
LF:1
LH:1
BRF:0
BRH:0
end_of_record
TN:
SF:src\components\VCard.vue
FN:179,(anonymous_0)
FNF:1
FNH:1
FNDA:10,(anonymous_0)
DA:117,1
DA:118,1
DA:119,1
DA:121,1
DA:180,10
LF:5
LH:5
BRDA:180,0,0,10
BRDA:180,0,1,3
BRDA:180,0,2,1
BRF:3
BRH:3
end_of_record
TN:
SF:src\components\VCounter.vue
FNF:0
FNH:0
DA:26,2
DA:27,2
DA:29,2
LF:3
LH:3
BRF:0
BRH:0
end_of_record
TN:
SF:src\components\VLottie.vue
FN:15,(anonymous_0)
FNF:1
FNH:1
FNDA:1,(anonymous_0)
DA:8,1
DA:9,1
DA:11,1
DA:16,1
LF:4
LH:4
BRF:0
BRH:0
end_of_record
TN:
SF:src\components\VPerson.vue
FN:175,(anonymous_0)
FN:177,(anonymous_1)
FN:320,(anonymous_2)
FN:330,(anonymous_3)
FN:336,(anonymous_4)
FN:339,(anonymous_5)
FN:344,(anonymous_6)
FN:348,(anonymous_7)
FN:351,(anonymous_8)
FN:362,(anonymous_9)
FN:363,(anonymous_10)
FN:383,(anonymous_11)
FN:388,(anonymous_12)
FN:393,(anonymous_13)
FN:411,(anonymous_14)
FN:413,(anonymous_15)
FN:417,(anonymous_16)
FN:422,(anonymous_17)
FN:425,(anonymous_18)
FN:432,(anonymous_19)
FN:439,(anonymous_20)
FN:447,(anonymous_21)
FN:451,(anonymous_22)
FN:461,(anonymous_23)
FN:464,(anonymous_24)
FN:469,(anonymous_25)
FN:480,(anonymous_26)
FNF:27
FNH:11
FNDA:0,(anonymous_0)
FNDA:0,(anonymous_1)
FNDA:13,(anonymous_2)
FNDA:13,(anonymous_3)
FNDA:13,(anonymous_4)
FNDA:3,(anonymous_5)
FNDA:0,(anonymous_6)
FNDA:13,(anonymous_7)
FNDA:13,(anonymous_8)
FNDA:0,(anonymous_9)
FNDA:0,(anonymous_10)
FNDA:0,(anonymous_11)
FNDA:0,(anonymous_12)
FNDA:0,(anonymous_13)
FNDA:13,(anonymous_14)
FNDA:0,(anonymous_15)
FNDA:0,(anonymous_16)
FNDA:0,(anonymous_17)
FNDA:3,(anonymous_18)
FNDA:0,(anonymous_19)
FNDA:0,(anonymous_20)
FNDA:0,(anonymous_21)
FNDA:0,(anonymous_22)
FNDA:1,(anonymous_23)
FNDA:1,(anonymous_24)
FNDA:13,(anonymous_25)
FNDA:0,(anonymous_26)
DA:155,1
DA:156,1
DA:157,1
DA:158,1
DA:163,1
DA:176,0
DA:177,0
DA:178,0
DA:179,0
DA:180,0
DA:321,13
DA:331,13
DA:337,13
DA:340,3
DA:345,0
DA:349,13
DA:352,13
DA:355,13
DA:356,3
DA:359,13
DA:360,2
DA:362,13
DA:363,0
DA:364,0
DA:367,0
DA:368,0
DA:372,0
DA:373,0
DA:375,0
DA:380,13
DA:383,13
DA:384,0
DA:389,0
DA:390,0
DA:391,0
DA:394,0
DA:395,0
DA:404,0
DA:405,0
DA:412,13
DA:413,13
DA:414,0
DA:415,0
DA:416,0
DA:417,0
DA:418,0
DA:423,0
DA:426,3
DA:427,3
DA:428,3
DA:429,3
DA:433,0
DA:434,0
DA:435,0
DA:436,0
DA:438,0
DA:439,0
DA:440,0
DA:449,0
DA:450,0
DA:451,0
DA:452,0
DA:453,0
DA:454,0
DA:455,0
DA:456,0
DA:457,0
DA:458,0
DA:462,1
DA:465,1
DA:466,1
DA:467,1
DA:471,13
DA:473,13
DA:474,0
DA:479,13
DA:480,0
DA:481,0
DA:487,13
DA:488,0
DA:494,13
LF:81
LH:33
BRDA:332,0,0,13
BRDA:332,0,1,0
BRDA:333,1,0,3
BRDA:333,1,1,10
BRDA:337,2,0,13
BRDA:337,2,1,4
BRDA:337,2,2,4
BRDA:337,2,3,4
BRDA:355,3,0,3
BRDA:359,4,0,2
BRDA:364,5,0,0
BRDA:367,6,0,0
BRDA:367,7,0,0
BRDA:367,7,1,0
BRDA:372,8,0,0
BRDA:390,9,0,0
BRDA:390,9,1,0
BRDA:404,10,0,0
BRDA:426,11,0,3
BRDA:426,12,0,3
BRDA:426,12,1,3
BRDA:438,13,0,0
BRDA:467,14,0,1
BRDA:467,14,1,0
BRDA:467,15,0,1
BRDA:467,15,1,1
BRDA:471,16,0,3
BRDA:471,16,1,10
BRDA:473,17,0,0
BRDA:479,18,0,0
BRDA:487,19,0,0
BRDA:491,20,0,0
BRDA:491,20,1,0
BRF:33
BRH:17
end_of_record
TN:
SF:src\components\VSearch.vue
FN:103,(anonymous_0)
FN:110,(anonymous_1)
FN:116,(anonymous_2)
FN:121,(anonymous_3)
FN:125,(anonymous_4)
FN:130,(anonymous_5)
FN:133,(anonymous_6)
FN:138,(anonymous_7)
FNF:8
FNH:8
FNDA:12,(anonymous_0)
FNDA:12,(anonymous_1)
FNDA:7,(anonymous_2)
FNDA:6,(anonymous_3)
FNDA:1,(anonymous_4)
FNDA:4,(anonymous_5)
FNDA:4,(anonymous_6)
FNDA:2,(anonymous_7)
DA:69,2
DA:70,2
DA:71,2
DA:73,2
DA:104,12
DA:111,12
DA:112,4
DA:117,7
DA:118,6
DA:124,6
DA:125,6
DA:126,1
DA:127,1
DA:131,4
DA:132,4
DA:133,4
DA:134,4
DA:135,4
DA:139,2
DA:140,2
LF:20
LH:20
BRDA:111,0,0,4
BRDA:117,1,0,6
BRF:2
BRH:2
end_of_record
TN:
SF:src\components\VSpacer.vue
FN:18,(anonymous_0)
FNF:1
FNH:1
FNDA:51,(anonymous_0)
DA:9,2
DA:19,51
DA:20,39
DA:22,12
LF:4
LH:4
BRDA:19,0,0,39
BRDA:19,0,1,12
BRF:2
BRH:2
end_of_record
TN:
SF:src\components\VTag.vue
FNF:0
FNH:0
DA:13,3
LF:1
LH:1
BRF:0
BRH:0
end_of_record
TN:
SF:src\components\VolumeControl.vue
FN:57,(anonymous_0)
FNF:1
FNH:1
FNDA:15,(anonymous_0)
DA:38,1
DA:39,1
DA:41,1
DA:58,15
LF:4
LH:4
BRF:0
BRH:0
end_of_record
