{"/Users/kimlarocca/Websites/nypr-design-system-vue/src/components/ArticleMetadata.vue": {"path":"/Users/kimlarocca/Websites/nypr-design-system-vue/src/components/ArticleMetadata.vue","statementMap":{"0":{"start":{"line":47,"column":15},"end":{"line":47,"column":null}}},"fnMap":{},"branchMap":{},"s":{"0":1},"f":{},"b":{}}
,"/Users/kimlarocca/Websites/nypr-design-system-vue/src/components/CalloutBanner.vue": {"path":"/Users/kimlarocca/Websites/nypr-design-system-vue/src/components/CalloutBanner.vue","statementMap":{"0":{"start":{"line":22,"column":15},"end":{"line":22,"column":null}},"1":{"start":{"line":28,"column":4},"end":{"line":28,"column":11}}},"fnMap":{"0":{"name":"(anonymous_0)","decl":{"start":{"line":27,"column":2},"end":{"line":27,"column":6}},"loc":{"start":{"line":27,"column":10},"end":{"line":31,"column":null}}}},"branchMap":{},"s":{"0":1,"1":3},"f":{"0":3},"b":{}}
,"/Users/kimlarocca/Websites/nypr-design-system-vue/src/components/GalleryPreview.vue": {"path":"/Users/kimlarocca/Websites/nypr-design-system-vue/src/components/GalleryPreview.vue","statementMap":{"0":{"start":{"line":48,"column":15},"end":{"line":48,"column":null}},"1":{"start":{"line":81,"column":21},"end":{"line":81,"column":null}},"2":{"start":{"line":89,"column":4},"end":{"line":89,"column":11}},"3":{"start":{"line":96,"column":4},"end":{"line":96,"column":9}},"4":{"start":{"line":99,"column":16},"end":{"line":99,"column":null}},"5":{"start":{"line":100,"column":4},"end":{"line":102,"column":null}},"6":{"start":{"line":101,"column":6},"end":{"line":101,"column":11}},"7":{"start":{"line":103,"column":4},"end":{"line":105,"column":null}},"8":{"start":{"line":104,"column":6},"end":{"line":104,"column":11}},"9":{"start":{"line":109,"column":6},"end":{"line":109,"column":11}},"10":{"start":{"line":110,"column":6},"end":{"line":110,"column":11}}},"fnMap":{"0":{"name":"(anonymous_0)","decl":{"start":{"line":81,"column":15},"end":{"line":81,"column":21}},"loc":{"start":{"line":81,"column":21},"end":{"line":81,"column":null}}},"1":{"name":"(anonymous_1)","decl":{"start":{"line":88,"column":2},"end":{"line":88,"column":6}},"loc":{"start":{"line":88,"column":10},"end":{"line":94,"column":null}}},"2":{"name":"(anonymous_2)","decl":{"start":{"line":95,"column":2},"end":{"line":95,"column":9}},"loc":{"start":{"line":95,"column":13},"end":{"line":97,"column":null}}},"3":{"name":"(anonymous_3)","decl":{"start":{"line":98,"column":2},"end":{"line":98,"column":9}},"loc":{"start":{"line":98,"column":13},"end":{"line":106,"column":null}}},"4":{"name":"(anonymous_4)","decl":{"start":{"line":108,"column":4},"end":{"line":108,"column":18}},"loc":{"start":{"line":108,"column":27},"end":{"line":111,"column":null}}}},"branchMap":{"0":{"loc":{"start":{"line":100,"column":4},"end":{"line":102,"column":null}},"type":"if","locations":[{"start":{"line":100,"column":4},"end":{"line":102,"column":null}}]},"1":{"loc":{"start":{"line":103,"column":4},"end":{"line":105,"column":null}},"type":"if","locations":[{"start":{"line":103,"column":4},"end":{"line":105,"column":null}}]}},"s":{"0":1,"1":1,"2":12,"3":12,"4":12,"5":12,"6":8,"7":12,"8":7,"9":1,"10":1},"f":{"0":1,"1":12,"2":12,"3":12,"4":1},"b":{"0":[8],"1":[7]}}
,"/Users/kimlarocca/Websites/nypr-design-system-vue/src/components/ImageWithCaption.vue": {"path":"/Users/kimlarocca/Websites/nypr-design-system-vue/src/components/ImageWithCaption.vue","statementMap":{"0":{"start":{"line":83,"column":15},"end":{"line":83,"column":null}},"1":{"start":{"line":162,"column":4},"end":{"line":162,"column":11}},"2":{"start":{"line":168,"column":6},"end":{"line":168,"column":13}},"3":{"start":{"line":173,"column":6},"end":{"line":173,"column":11}},"4":{"start":{"line":174,"column":6},"end":{"line":178,"column":null}},"5":{"start":{"line":175,"column":8},"end":{"line":175,"column":13}},"6":{"start":{"line":177,"column":8},"end":{"line":177,"column":13}}},"fnMap":{"0":{"name":"(anonymous_0)","decl":{"start":{"line":161,"column":2},"end":{"line":161,"column":6}},"loc":{"start":{"line":161,"column":10},"end":{"line":165,"column":null}}},"1":{"name":"(anonymous_1)","decl":{"start":{"line":167,"column":4},"end":{"line":167,"column":22}},"loc":{"start":{"line":167,"column":26},"end":{"line":169,"column":null}}},"2":{"name":"(anonymous_2)","decl":{"start":{"line":172,"column":4},"end":{"line":172,"column":17}},"loc":{"start":{"line":172,"column":21},"end":{"line":179,"column":null}}}},"branchMap":{"0":{"loc":{"start":{"line":174,"column":6},"end":{"line":178,"column":null}},"type":"if","locations":[{"start":{"line":174,"column":6},"end":{"line":178,"column":null}},{"start":{"line":176,"column":13},"end":{"line":178,"column":null}}]}},"s":{"0":2,"1":22,"2":14,"3":2,"4":2,"5":1,"6":1},"f":{"0":22,"1":14,"2":2},"b":{"0":[1,1]}}
,"/Users/kimlarocca/Websites/nypr-design-system-vue/src/components/LiveIndicator.vue": {"path":"/Users/kimlarocca/Websites/nypr-design-system-vue/src/components/LiveIndicator.vue","statementMap":{"0":{"start":{"line":13,"column":15},"end":{"line":13,"column":null}}},"fnMap":{},"branchMap":{},"s":{"0":2},"f":{},"b":{}}
,"/Users/kimlarocca/Websites/nypr-design-system-vue/src/components/MainPlayer.vue": {"path":"/Users/kimlarocca/Websites/nypr-design-system-vue/src/components/MainPlayer.vue","statementMap":{"0":{"start":{"line":75,"column":15},"end":{"line":75,"column":null}}},"fnMap":{},"branchMap":{},"s":{"0":1},"f":{},"b":{}}
,"/Users/kimlarocca/Websites/nypr-design-system-vue/src/components/MediaEmbed.vue": {"path":"/Users/kimlarocca/Websites/nypr-design-system-vue/src/components/MediaEmbed.vue","statementMap":{"0":{"start":{"line":14,"column":15},"end":{"line":14,"column":null}}},"fnMap":{},"branchMap":{},"s":{"0":1},"f":{},"b":{}}
,"/Users/kimlarocca/Websites/nypr-design-system-vue/src/components/PersistentPlayer.vue": {"path":"/Users/kimlarocca/Websites/nypr-design-system-vue/src/components/PersistentPlayer.vue","statementMap":{"0":{"start":{"line":91,"column":15},"end":{"line":91,"column":null}},"1":{"start":{"line":179,"column":4},"end":{"line":179,"column":11}},"2":{"start":{"line":190,"column":4},"end":{"line":190,"column":9}},"3":{"start":{"line":192,"column":4},"end":{"line":192,"column":10}},"4":{"start":{"line":193,"column":6},"end":{"line":193,"column":14}},"5":{"start":{"line":195,"column":10},"end":{"line":195,"column":15}},"6":{"start":{"line":196,"column":10},"end":{"line":196,"column":null}},"7":{"start":{"line":198,"column":10},"end":{"line":198,"column":15}},"8":{"start":{"line":199,"column":10},"end":{"line":199,"column":null}},"9":{"start":{"line":201,"column":10},"end":{"line":201,"column":38}},"10":{"start":{"line":201,"column":33},"end":{"line":201,"column":38}},"11":{"start":{"line":202,"column":10},"end":{"line":202,"column":null}},"12":{"start":{"line":204,"column":10},"end":{"line":204,"column":36}},"13":{"start":{"line":204,"column":31},"end":{"line":204,"column":36}},"14":{"start":{"line":205,"column":10},"end":{"line":205,"column":null}},"15":{"start":{"line":207,"column":10},"end":{"line":207,"column":15}},"16":{"start":{"line":208,"column":10},"end":{"line":208,"column":null}},"17":{"start":{"line":210,"column":10},"end":{"line":210,"column":15}},"18":{"start":{"line":211,"column":10},"end":{"line":211,"column":null}},"19":{"start":{"line":217,"column":21},"end":{"line":217,"column":25}},"20":{"start":{"line":218,"column":6},"end":{"line":218,"column":13}},"21":{"start":{"line":222,"column":6},"end":{"line":222,"column":12}},"22":{"start":{"line":240,"column":6},"end":{"line":240,"column":11}}},"fnMap":{"0":{"name":"(anonymous_0)","decl":{"start":{"line":178,"column":2},"end":{"line":178,"column":6}},"loc":{"start":{"line":178,"column":10},"end":{"line":188,"column":null}}},"1":{"name":"(anonymous_1)","decl":{"start":{"line":189,"column":2},"end":{"line":189,"column":9}},"loc":{"start":{"line":189,"column":13},"end":{"line":214,"column":null}}},"2":{"name":"(anonymous_2)","decl":{"start":{"line":192,"column":39},"end":{"line":192,"column":44}},"loc":{"start":{"line":192,"column":48},"end":{"line":213,"column":null}}},"3":{"name":"(anonymous_3)","decl":{"start":{"line":216,"column":4},"end":{"line":216,"column":15}},"loc":{"start":{"line":216,"column":22},"end":{"line":219,"column":null}}},"4":{"name":"(anonymous_4)","decl":{"start":{"line":220,"column":4},"end":{"line":220,"column":12}},"loc":{"start":{"line":220,"column":16},"end":{"line":223,"column":null}}},"5":{"name":"(anonymous_5)","decl":{"start":{"line":224,"column":4},"end":{"line":224,"column":13}},"loc":{"start":{"line":224,"column":17},"end":{"line":227,"column":null}}},"6":{"name":"(anonymous_6)","decl":{"start":{"line":228,"column":4},"end":{"line":228,"column":12}},"loc":{"start":{"line":228,"column":16},"end":{"line":231,"column":null}}},"7":{"name":"(anonymous_7)","decl":{"start":{"line":232,"column":4},"end":{"line":232,"column":8}},"loc":{"start":{"line":232,"column":13},"end":{"line":238,"column":null}}},"8":{"name":"(anonymous_8)","decl":{"start":{"line":239,"column":4},"end":{"line":239,"column":14}},"loc":{"start":{"line":239,"column":18},"end":{"line":241,"column":null}}}},"branchMap":{"0":{"loc":{"start":{"line":193,"column":6},"end":{"line":193,"column":14}},"type":"switch","locations":[{"start":{"line":194,"column":8},"end":{"line":196,"column":null}},{"start":{"line":197,"column":8},"end":{"line":199,"column":null}},{"start":{"line":200,"column":8},"end":{"line":202,"column":null}},{"start":{"line":203,"column":8},"end":{"line":205,"column":null}},{"start":{"line":206,"column":8},"end":{"line":208,"column":null}},{"start":{"line":209,"column":8},"end":{"line":211,"column":null}}]},"1":{"loc":{"start":{"line":201,"column":10},"end":{"line":201,"column":38}},"type":"if","locations":[{"start":{"line":201,"column":10},"end":{"line":201,"column":38}}]},"2":{"loc":{"start":{"line":204,"column":10},"end":{"line":204,"column":36}},"type":"if","locations":[{"start":{"line":204,"column":10},"end":{"line":204,"column":36}}]},"3":{"loc":{"start":{"line":218,"column":13},"end":{"line":218,"column":null}},"type":"cond-expr","locations":[{"start":{"line":218,"column":43},"end":{"line":218,"column":49}},{"start":{"line":218,"column":62},"end":{"line":218,"column":null}}]}},"s":{"0":1,"1":15,"2":15,"3":15,"4":0,"5":0,"6":0,"7":0,"8":0,"9":0,"10":0,"11":0,"12":0,"13":0,"14":0,"15":0,"16":0,"17":0,"18":0,"19":0,"20":0,"21":0,"22":0},"f":{"0":15,"1":15,"2":0,"3":0,"4":0,"5":0,"6":0,"7":0,"8":0},"b":{"0":[0,0,0,0,0,0],"1":[0],"2":[0],"3":[0,0]}}
,"/Users/kimlarocca/Websites/nypr-design-system-vue/src/components/ProgressBar.vue": {"path":"/Users/kimlarocca/Websites/nypr-design-system-vue/src/components/ProgressBar.vue","statementMap":{"0":{"start":{"line":11,"column":15},"end":{"line":11,"column":null}}},"fnMap":{},"branchMap":{},"s":{"0":1},"f":{},"b":{}}
,"/Users/kimlarocca/Websites/nypr-design-system-vue/src/components/SecondaryNavigation.vue": {"path":"/Users/kimlarocca/Websites/nypr-design-system-vue/src/components/SecondaryNavigation.vue","statementMap":{"0":{"start":{"line":59,"column":15},"end":{"line":59,"column":null}}},"fnMap":{},"branchMap":{},"s":{"0":3},"f":{},"b":{}}
,"/Users/kimlarocca/Websites/nypr-design-system-vue/src/components/SegmentListItem.vue": {"path":"/Users/kimlarocca/Websites/nypr-design-system-vue/src/components/SegmentListItem.vue","statementMap":{"0":{"start":{"line":28,"column":15},"end":{"line":28,"column":null}}},"fnMap":{},"branchMap":{},"s":{"0":1},"f":{},"b":{}}
,"/Users/kimlarocca/Websites/nypr-design-system-vue/src/components/ShareTools.vue": {"path":"/Users/kimlarocca/Websites/nypr-design-system-vue/src/components/ShareTools.vue","statementMap":{"0":{"start":{"line":16,"column":15},"end":{"line":16,"column":null}}},"fnMap":{},"branchMap":{},"s":{"0":2},"f":{},"b":{}}
,"/Users/kimlarocca/Websites/nypr-design-system-vue/src/components/ShareToolsItem.vue": {"path":"/Users/kimlarocca/Websites/nypr-design-system-vue/src/components/ShareToolsItem.vue","statementMap":{"0":{"start":{"line":44,"column":32},"end":{"line":44,"column":36}},"1":{"start":{"line":45,"column":27},"end":{"line":45,"column":null}}},"fnMap":{},"branchMap":{},"s":{"0":2,"1":2},"f":{},"b":{}}
,"/Users/kimlarocca/Websites/nypr-design-system-vue/src/components/SimpleResponsiveImage.vue": {"path":"/Users/kimlarocca/Websites/nypr-design-system-vue/src/components/SimpleResponsiveImage.vue","statementMap":{"0":{"start":{"line":31,"column":15},"end":{"line":31,"column":null}},"1":{"start":{"line":106,"column":8},"end":{"line":106,"column":15}},"2":{"start":{"line":125,"column":4},"end":{"line":125,"column":11}},"3":{"start":{"line":134,"column":6},"end":{"line":138,"column":null}},"4":{"start":{"line":135,"column":8},"end":{"line":135,"column":15}},"5":{"start":{"line":137,"column":8},"end":{"line":137,"column":15}},"6":{"start":{"line":141,"column":23},"end":{"line":141,"column":null}},"7":{"start":{"line":142,"column":6},"end":{"line":149,"column":null}},"8":{"start":{"line":143,"column":8},"end":{"line":143,"column":15}},"9":{"start":{"line":148,"column":8},"end":{"line":148,"column":15}},"10":{"start":{"line":152,"column":23},"end":{"line":152,"column":null}},"11":{"start":{"line":153,"column":6},"end":{"line":160,"column":null}},"12":{"start":{"line":154,"column":8},"end":{"line":154,"column":15}},"13":{"start":{"line":159,"column":8},"end":{"line":159,"column":15}},"14":{"start":{"line":163,"column":23},"end":{"line":163,"column":null}},"15":{"start":{"line":164,"column":6},"end":{"line":200,"column":null}},"16":{"start":{"line":167,"column":8},"end":{"line":172,"column":null}},"17":{"start":{"line":171,"column":10},"end":{"line":171,"column":17}},"18":{"start":{"line":173,"column":21},"end":{"line":173,"column":null}},"19":{"start":{"line":174,"column":24},"end":{"line":174,"column":null}},"20":{"start":{"line":175,"column":8},"end":{"line":196,"column":null}},"21":{"start":{"line":177,"column":10},"end":{"line":195,"column":null}},"22":{"start":{"line":178,"column":24},"end":{"line":178,"column":28}},"23":{"start":{"line":179,"column":25},"end":{"line":179,"column":29}},"24":{"start":{"line":182,"column":12},"end":{"line":186,"column":null}},"25":{"start":{"line":183,"column":14},"end":{"line":183,"column":20}},"26":{"start":{"line":184,"column":14},"end":{"line":184,"column":19}},"27":{"start":{"line":185,"column":14},"end":{"line":185,"column":23}},"28":{"start":{"line":188,"column":24},"end":{"line":188,"column":32}},"29":{"start":{"line":192,"column":12},"end":{"line":192,"column":18}},"30":{"start":{"line":197,"column":8},"end":{"line":197,"column":15}},"31":{"start":{"line":199,"column":8},"end":{"line":199,"column":15}},"32":{"start":{"line":204,"column":4},"end":{"line":204,"column":9}},"33":{"start":{"line":208,"column":6},"end":{"line":208,"column":13}}},"fnMap":{"0":{"name":"(anonymous_0)","decl":{"start":{"line":105,"column":6},"end":{"line":105,"column":13}},"loc":{"start":{"line":105,"column":17},"end":{"line":107,"column":null}}},"1":{"name":"(anonymous_1)","decl":{"start":{"line":124,"column":2},"end":{"line":124,"column":6}},"loc":{"start":{"line":124,"column":10},"end":{"line":131,"column":null}}},"2":{"name":"(anonymous_2)","decl":{"start":{"line":133,"column":4},"end":{"line":133,"column":17}},"loc":{"start":{"line":133,"column":21},"end":{"line":139,"column":null}}},"3":{"name":"(anonymous_3)","decl":{"start":{"line":140,"column":4},"end":{"line":140,"column":15}},"loc":{"start":{"line":140,"column":19},"end":{"line":150,"column":null}}},"4":{"name":"(anonymous_4)","decl":{"start":{"line":151,"column":4},"end":{"line":151,"column":17}},"loc":{"start":{"line":151,"column":21},"end":{"line":161,"column":null}}},"5":{"name":"(anonymous_5)","decl":{"start":{"line":162,"column":4},"end":{"line":162,"column":10}},"loc":{"start":{"line":162,"column":14},"end":{"line":201,"column":null}}},"6":{"name":"(anonymous_6)","decl":{"start":{"line":203,"column":2},"end":{"line":203,"column":9}},"loc":{"start":{"line":203,"column":13},"end":{"line":205,"column":null}}},"7":{"name":"(anonymous_7)","decl":{"start":{"line":207,"column":4},"end":{"line":207,"column":15}},"loc":{"start":{"line":207,"column":32},"end":{"line":209,"column":null}}}},"branchMap":{"0":{"loc":{"start":{"line":134,"column":6},"end":{"line":138,"column":null}},"type":"if","locations":[{"start":{"line":134,"column":6},"end":{"line":138,"column":null}},{"start":{"line":136,"column":13},"end":{"line":138,"column":null}}]},"1":{"loc":{"start":{"line":142,"column":6},"end":{"line":149,"column":null}},"type":"if","locations":[{"start":{"line":142,"column":6},"end":{"line":149,"column":null}},{"start":{"line":147,"column":13},"end":{"line":149,"column":null}}]},"2":{"loc":{"start":{"line":153,"column":6},"end":{"line":160,"column":null}},"type":"if","locations":[{"start":{"line":153,"column":6},"end":{"line":160,"column":null}},{"start":{"line":158,"column":13},"end":{"line":160,"column":null}}]},"3":{"loc":{"start":{"line":164,"column":6},"end":{"line":200,"column":null}},"type":"if","locations":[{"start":{"line":164,"column":6},"end":{"line":200,"column":null}},{"start":{"line":198,"column":13},"end":{"line":200,"column":null}}]},"4":{"loc":{"start":{"line":167,"column":8},"end":{"line":172,"column":null}},"type":"if","locations":[{"start":{"line":167,"column":8},"end":{"line":172,"column":null}}]},"5":{"loc":{"start":{"line":177,"column":10},"end":{"line":195,"column":null}},"type":"if","locations":[{"start":{"line":177,"column":10},"end":{"line":195,"column":null}}]},"6":{"loc":{"start":{"line":177,"column":14},"end":{"line":177,"column":64}},"type":"binary-expr","locations":[{"start":{"line":177,"column":14},"end":{"line":177,"column":28}},{"start":{"line":177,"column":28},"end":{"line":177,"column":64}}]},"7":{"loc":{"start":{"line":182,"column":12},"end":{"line":186,"column":null}},"type":"if","locations":[{"start":{"line":182,"column":12},"end":{"line":186,"column":null}}]},"8":{"loc":{"start":{"line":182,"column":16},"end":{"line":182,"column":66}},"type":"binary-expr","locations":[{"start":{"line":182,"column":16},"end":{"line":182,"column":41}},{"start":{"line":182,"column":41},"end":{"line":182,"column":66}}]},"9":{"loc":{"start":{"line":193,"column":14},"end":{"line":193,"column":null}},"type":"cond-expr","locations":[{"start":{"line":193,"column":55},"end":{"line":193,"column":61}},{"start":{"line":193,"column":61},"end":{"line":193,"column":null}}]},"10":{"loc":{"start":{"line":193,"column":14},"end":{"line":193,"column":55}},"type":"binary-expr","locations":[{"start":{"line":193,"column":14},"end":{"line":193,"column":42}},{"start":{"line":193,"column":42},"end":{"line":193,"column":55}}]},"11":{"loc":{"start":{"line":204,"column":22},"end":{"line":204,"column":null}},"type":"binary-expr","locations":[{"start":{"line":204,"column":22},"end":{"line":204,"column":50}},{"start":{"line":204,"column":50},"end":{"line":204,"column":null}}]},"12":{"loc":{"start":{"line":208,"column":13},"end":{"line":208,"column":null}},"type":"cond-expr","locations":[{"start":{"line":208,"column":25},"end":{"line":208,"column":39}},{"start":{"line":208,"column":58},"end":{"line":208,"column":null}}]}},"s":{"0":3,"1":52,"2":50,"3":50,"4":0,"5":50,"6":51,"7":51,"8":51,"9":0,"10":0,"11":0,"12":0,"13":0,"14":51,"15":51,"16":51,"17":20,"18":31,"19":31,"20":31,"21":124,"22":124,"23":124,"24":124,"25":0,"26":0,"27":0,"28":124,"29":124,"30":31,"31":0,"32":50,"33":124},"f":{"0":52,"1":50,"2":50,"3":51,"4":0,"5":51,"6":50,"7":124},"b":{"0":[0,50],"1":[51,0],"2":[0,0],"3":[51,0],"4":[20],"5":[124],"6":[124,124],"7":[0],"8":[124,124],"9":[93,31],"10":[124,93],"11":[50,0],"12":[124,0]}}
,"/Users/kimlarocca/Websites/nypr-design-system-vue/src/components/StreamSwitcher.vue": {"path":"/Users/kimlarocca/Websites/nypr-design-system-vue/src/components/StreamSwitcher.vue","statementMap":{"0":{"start":{"line":11,"column":15},"end":{"line":11,"column":null}}},"fnMap":{},"branchMap":{},"s":{"0":1},"f":{},"b":{}}
,"/Users/kimlarocca/Websites/nypr-design-system-vue/src/components/StreamSwitcherCard.vue": {"path":"/Users/kimlarocca/Websites/nypr-design-system-vue/src/components/StreamSwitcherCard.vue","statementMap":{"0":{"start":{"line":42,"column":15},"end":{"line":42,"column":null}}},"fnMap":{},"branchMap":{},"s":{"0":1},"f":{},"b":{}}
,"/Users/kimlarocca/Websites/nypr-design-system-vue/src/components/TheFooter.vue": {"path":"/Users/kimlarocca/Websites/nypr-design-system-vue/src/components/TheFooter.vue","statementMap":{"0":{"start":{"line":111,"column":15},"end":{"line":111,"column":null}},"1":{"start":{"line":149,"column":6},"end":{"line":149,"column":13}},"2":{"start":{"line":152,"column":6},"end":{"line":152,"column":13}},"3":{"start":{"line":155,"column":6},"end":{"line":155,"column":13}}},"fnMap":{"0":{"name":"(anonymous_0)","decl":{"start":{"line":148,"column":4},"end":{"line":148,"column":15}},"loc":{"start":{"line":148,"column":19},"end":{"line":150,"column":null}}},"1":{"name":"(anonymous_1)","decl":{"start":{"line":151,"column":4},"end":{"line":151,"column":24}},"loc":{"start":{"line":151,"column":28},"end":{"line":153,"column":null}}},"2":{"name":"(anonymous_2)","decl":{"start":{"line":154,"column":4},"end":{"line":154,"column":25}},"loc":{"start":{"line":154,"column":29},"end":{"line":156,"column":null}}}},"branchMap":{},"s":{"0":1,"1":12,"2":12,"3":12},"f":{"0":12,"1":12,"2":12},"b":{}}
,"/Users/kimlarocca/Websites/nypr-design-system-vue/src/components/TheHeader.vue": {"path":"/Users/kimlarocca/Websites/nypr-design-system-vue/src/components/TheHeader.vue","statementMap":{"0":{"start":{"line":59,"column":15},"end":{"line":59,"column":null}}},"fnMap":{},"branchMap":{},"s":{"0":1},"f":{},"b":{}}
,"/Users/kimlarocca/Websites/nypr-design-system-vue/src/components/TheMenu.vue": {"path":"/Users/kimlarocca/Websites/nypr-design-system-vue/src/components/TheMenu.vue","statementMap":{"0":{"start":{"line":119,"column":15},"end":{"line":119,"column":null}},"1":{"start":{"line":147,"column":4},"end":{"line":147,"column":11}},"2":{"start":{"line":153,"column":6},"end":{"line":153,"column":13}},"3":{"start":{"line":156,"column":6},"end":{"line":156,"column":13}},"4":{"start":{"line":159,"column":6},"end":{"line":159,"column":13}},"5":{"start":{"line":162,"column":6},"end":{"line":162,"column":13}},"6":{"start":{"line":165,"column":6},"end":{"line":165,"column":13}},"7":{"start":{"line":168,"column":6},"end":{"line":168,"column":13}},"8":{"start":{"line":173,"column":6},"end":{"line":173,"column":11}},"9":{"start":{"line":176,"column":6},"end":{"line":176,"column":11}}},"fnMap":{"0":{"name":"(anonymous_0)","decl":{"start":{"line":146,"column":8},"end":{"line":146,"column":20}},"loc":{"start":{"line":146,"column":20},"end":{"line":150,"column":null}}},"1":{"name":"(anonymous_1)","decl":{"start":{"line":152,"column":4},"end":{"line":152,"column":17}},"loc":{"start":{"line":152,"column":21},"end":{"line":154,"column":null}}},"2":{"name":"(anonymous_2)","decl":{"start":{"line":155,"column":4},"end":{"line":155,"column":20}},"loc":{"start":{"line":155,"column":24},"end":{"line":157,"column":null}}},"3":{"name":"(anonymous_3)","decl":{"start":{"line":158,"column":4},"end":{"line":158,"column":15}},"loc":{"start":{"line":158,"column":19},"end":{"line":160,"column":null}}},"4":{"name":"(anonymous_4)","decl":{"start":{"line":161,"column":4},"end":{"line":161,"column":17}},"loc":{"start":{"line":161,"column":21},"end":{"line":163,"column":null}}},"5":{"name":"(anonymous_5)","decl":{"start":{"line":164,"column":4},"end":{"line":164,"column":17}},"loc":{"start":{"line":164,"column":21},"end":{"line":166,"column":null}}},"6":{"name":"(anonymous_6)","decl":{"start":{"line":167,"column":4},"end":{"line":167,"column":15}},"loc":{"start":{"line":167,"column":19},"end":{"line":169,"column":null}}},"7":{"name":"(anonymous_7)","decl":{"start":{"line":172,"column":4},"end":{"line":172,"column":13}},"loc":{"start":{"line":172,"column":17},"end":{"line":174,"column":null}}},"8":{"name":"(anonymous_8)","decl":{"start":{"line":175,"column":4},"end":{"line":175,"column":14}},"loc":{"start":{"line":175,"column":18},"end":{"line":177,"column":null}}}},"branchMap":{},"s":{"0":1,"1":10,"2":10,"3":10,"4":10,"5":10,"6":10,"7":10,"8":1,"9":1},"f":{"0":10,"1":10,"2":10,"3":10,"4":10,"5":10,"6":10,"7":1,"8":1},"b":{}}
,"/Users/kimlarocca/Websites/nypr-design-system-vue/src/components/TrackInfo.vue": {"path":"/Users/kimlarocca/Websites/nypr-design-system-vue/src/components/TrackInfo.vue","statementMap":{"0":{"start":{"line":99,"column":15},"end":{"line":99,"column":null}},"1":{"start":{"line":145,"column":6},"end":{"line":145,"column":13}},"2":{"start":{"line":148,"column":6},"end":{"line":148,"column":13}},"3":{"start":{"line":153,"column":21},"end":{"line":153,"column":25}},"4":{"start":{"line":154,"column":6},"end":{"line":154,"column":13}}},"fnMap":{"0":{"name":"(anonymous_0)","decl":{"start":{"line":144,"column":4},"end":{"line":144,"column":19}},"loc":{"start":{"line":144,"column":23},"end":{"line":146,"column":null}}},"1":{"name":"(anonymous_1)","decl":{"start":{"line":147,"column":4},"end":{"line":147,"column":19}},"loc":{"start":{"line":147,"column":23},"end":{"line":149,"column":null}}},"2":{"name":"(anonymous_2)","decl":{"start":{"line":152,"column":4},"end":{"line":152,"column":15}},"loc":{"start":{"line":152,"column":22},"end":{"line":155,"column":null}}}},"branchMap":{"0":{"loc":{"start":{"line":154,"column":13},"end":{"line":154,"column":null}},"type":"cond-expr","locations":[{"start":{"line":154,"column":43},"end":{"line":154,"column":49}},{"start":{"line":154,"column":62},"end":{"line":154,"column":null}}]}},"s":{"0":1,"1":12,"2":12,"3":24,"4":24},"f":{"0":12,"1":12,"2":24},"b":{"0":[24,0]}}
,"/Users/kimlarocca/Websites/nypr-design-system-vue/src/components/VAccordion.vue": {"path":"/Users/kimlarocca/Websites/nypr-design-system-vue/src/components/VAccordion.vue","statementMap":{"0":{"start":{"line":40,"column":15},"end":{"line":40,"column":null}},"1":{"start":{"line":55,"column":4},"end":{"line":55,"column":11}},"2":{"start":{"line":62,"column":6},"end":{"line":62,"column":13}},"3":{"start":{"line":65,"column":6},"end":{"line":65,"column":13}},"4":{"start":{"line":69,"column":4},"end":{"line":71,"column":null}},"5":{"start":{"line":70,"column":6},"end":{"line":70,"column":11}},"6":{"start":{"line":74,"column":4},"end":{"line":74,"column":9}},"7":{"start":{"line":78,"column":6},"end":{"line":78,"column":11}},"8":{"start":{"line":81,"column":6},"end":{"line":81,"column":11}}},"fnMap":{"0":{"name":"(anonymous_0)","decl":{"start":{"line":54,"column":2},"end":{"line":54,"column":6}},"loc":{"start":{"line":54,"column":10},"end":{"line":59,"column":null}}},"1":{"name":"(anonymous_1)","decl":{"start":{"line":61,"column":4},"end":{"line":61,"column":6}},"loc":{"start":{"line":61,"column":10},"end":{"line":63,"column":null}}},"2":{"name":"(anonymous_2)","decl":{"start":{"line":64,"column":4},"end":{"line":64,"column":11}},"loc":{"start":{"line":64,"column":15},"end":{"line":66,"column":null}}},"3":{"name":"(anonymous_3)","decl":{"start":{"line":68,"column":2},"end":{"line":68,"column":9}},"loc":{"start":{"line":68,"column":13},"end":{"line":72,"column":null}}},"4":{"name":"(anonymous_4)","decl":{"start":{"line":73,"column":2},"end":{"line":73,"column":9}},"loc":{"start":{"line":73,"column":13},"end":{"line":75,"column":null}}},"5":{"name":"(anonymous_5)","decl":{"start":{"line":77,"column":4},"end":{"line":77,"column":9}},"loc":{"start":{"line":77,"column":13},"end":{"line":79,"column":null}}},"6":{"name":"(anonymous_6)","decl":{"start":{"line":80,"column":4},"end":{"line":80,"column":8}},"loc":{"start":{"line":80,"column":12},"end":{"line":82,"column":null}}}},"branchMap":{"0":{"loc":{"start":{"line":69,"column":4},"end":{"line":71,"column":null}},"type":"if","locations":[{"start":{"line":69,"column":4},"end":{"line":71,"column":null}}]},"1":{"loc":{"start":{"line":69,"column":8},"end":{"line":69,"column":56}},"type":"binary-expr","locations":[{"start":{"line":69,"column":8},"end":{"line":69,"column":31}},{"start":{"line":69,"column":31},"end":{"line":69,"column":56}}]}},"s":{"0":1,"1":3,"2":3,"3":3,"4":3,"5":0,"6":0,"7":0,"8":0},"f":{"0":3,"1":3,"2":3,"3":3,"4":0,"5":0,"6":0},"b":{"0":[0],"1":[3,0]}}
,"/Users/kimlarocca/Websites/nypr-design-system-vue/src/components/VBanner.vue": {"path":"/Users/kimlarocca/Websites/nypr-design-system-vue/src/components/VBanner.vue","statementMap":{"0":{"start":{"line":57,"column":15},"end":{"line":57,"column":null}},"1":{"start":{"line":98,"column":4},"end":{"line":98,"column":11}}},"fnMap":{"0":{"name":"(anonymous_0)","decl":{"start":{"line":97,"column":2},"end":{"line":97,"column":6}},"loc":{"start":{"line":97,"column":10},"end":{"line":101,"column":null}}}},"branchMap":{},"s":{"0":1,"1":8},"f":{"0":8},"b":{}}
,"/Users/kimlarocca/Websites/nypr-design-system-vue/src/components/VButton.vue": {"path":"/Users/kimlarocca/Websites/nypr-design-system-vue/src/components/VButton.vue","statementMap":{"0":{"start":{"line":20,"column":15},"end":{"line":20,"column":null}}},"fnMap":{},"branchMap":{},"s":{"0":7},"f":{},"b":{}}
,"/Users/kimlarocca/Websites/nypr-design-system-vue/src/components/VByline.vue": {"path":"/Users/kimlarocca/Websites/nypr-design-system-vue/src/components/VByline.vue","statementMap":{"0":{"start":{"line":29,"column":15},"end":{"line":29,"column":null}}},"fnMap":{},"branchMap":{},"s":{"0":1},"f":{},"b":{}}
,"/Users/kimlarocca/Websites/nypr-design-system-vue/src/components/VCard.vue": {"path":"/Users/kimlarocca/Websites/nypr-design-system-vue/src/components/VCard.vue","statementMap":{"0":{"start":{"line":102,"column":15},"end":{"line":102,"column":null}},"1":{"start":{"line":168,"column":6},"end":{"line":168,"column":13}}},"fnMap":{"0":{"name":"(anonymous_0)","decl":{"start":{"line":167,"column":4},"end":{"line":167,"column":14}},"loc":{"start":{"line":167,"column":18},"end":{"line":169,"column":null}}}},"branchMap":{"0":{"loc":{"start":{"line":168,"column":13},"end":{"line":168,"column":null}},"type":"binary-expr","locations":[{"start":{"line":168,"column":13},"end":{"line":168,"column":29}},{"start":{"line":168,"column":29},"end":{"line":168,"column":48}},{"start":{"line":168,"column":48},"end":{"line":168,"column":null}}]}},"s":{"0":1,"1":10},"f":{"0":10},"b":{"0":[10,3,1]}}
,"/Users/kimlarocca/Websites/nypr-design-system-vue/src/components/VCounter.vue": {"path":"/Users/kimlarocca/Websites/nypr-design-system-vue/src/components/VCounter.vue","statementMap":{"0":{"start":{"line":29,"column":15},"end":{"line":29,"column":null}}},"fnMap":{},"branchMap":{},"s":{"0":2},"f":{},"b":{}}
,"/Users/kimlarocca/Websites/nypr-design-system-vue/src/components/VLottie.vue": {"path":"/Users/kimlarocca/Websites/nypr-design-system-vue/src/components/VLottie.vue","statementMap":{"0":{"start":{"line":11,"column":15},"end":{"line":11,"column":null}},"1":{"start":{"line":16,"column":4},"end":{"line":16,"column":11}}},"fnMap":{"0":{"name":"(anonymous_3)","decl":{"start":{"line":15,"column":2},"end":{"line":15,"column":6}},"loc":{"start":{"line":15,"column":10},"end":{"line":21,"column":null}}}},"branchMap":{},"s":{"0":1,"1":1},"f":{"0":1},"b":{}}
,"/Users/kimlarocca/Websites/nypr-design-system-vue/src/components/VPerson.vue": {"path":"/Users/kimlarocca/Websites/nypr-design-system-vue/src/components/VPerson.vue","statementMap":{"0":{"start":{"line":162,"column":15},"end":{"line":162,"column":null}},"1":{"start":{"line":175,"column":33},"end":{"line":175,"column":null}},"2":{"start":{"line":176,"column":8},"end":{"line":176,"column":14}},"3":{"start":{"line":177,"column":24},"end":{"line":177,"column":null}},"4":{"start":{"line":178,"column":25},"end":{"line":178,"column":null}},"5":{"start":{"line":179,"column":10},"end":{"line":179,"column":26}},"6":{"start":{"line":320,"column":4},"end":{"line":320,"column":11}},"7":{"start":{"line":330,"column":6},"end":{"line":330,"column":13}},"8":{"start":{"line":336,"column":6},"end":{"line":336,"column":13}},"9":{"start":{"line":339,"column":6},"end":{"line":339,"column":13}},"10":{"start":{"line":344,"column":6},"end":{"line":344,"column":11}},"11":{"start":{"line":348,"column":4},"end":{"line":348,"column":9}},"12":{"start":{"line":351,"column":27},"end":{"line":351,"column":null}},"13":{"start":{"line":354,"column":4},"end":{"line":356,"column":null}},"14":{"start":{"line":355,"column":6},"end":{"line":355,"column":11}},"15":{"start":{"line":358,"column":4},"end":{"line":360,"column":null}},"16":{"start":{"line":359,"column":6},"end":{"line":359,"column":16}},"17":{"start":{"line":361,"column":21},"end":{"line":361,"column":25}},"18":{"start":{"line":362,"column":6},"end":{"line":362,"column":13}},"19":{"start":{"line":363,"column":8},"end":{"line":375,"column":null}},"20":{"start":{"line":366,"column":10},"end":{"line":368,"column":null}},"21":{"start":{"line":367,"column":12},"end":{"line":367,"column":17}},"22":{"start":{"line":371,"column":10},"end":{"line":373,"column":null}},"23":{"start":{"line":372,"column":12},"end":{"line":372,"column":22}},"24":{"start":{"line":374,"column":10},"end":{"line":374,"column":18}},"25":{"start":{"line":379,"column":4},"end":{"line":379,"column":12}},"26":{"start":{"line":382,"column":4},"end":{"line":382,"column":9}},"27":{"start":{"line":383,"column":6},"end":{"line":383,"column":11}},"28":{"start":{"line":388,"column":19},"end":{"line":388,"column":21}},"29":{"start":{"line":389,"column":24},"end":{"line":389,"column":null}},"30":{"start":{"line":390,"column":6},"end":{"line":390,"column":13}},"31":{"start":{"line":393,"column":6},"end":{"line":393,"column":11}},"32":{"start":{"line":394,"column":7},"end":{"line":394,"column":12}},"33":{"start":{"line":403,"column":6},"end":{"line":408,"column":null}},"34":{"start":{"line":404,"column":8},"end":{"line":404,"column":14}},"35":{"start":{"line":411,"column":22},"end":{"line":411,"column":null}},"36":{"start":{"line":412,"column":6},"end":{"line":412,"column":13}},"37":{"start":{"line":413,"column":8},"end":{"line":413,"column":20}},"38":{"start":{"line":414,"column":19},"end":{"line":414,"column":null}},"39":{"start":{"line":415,"column":19},"end":{"line":415,"column":null}},"40":{"start":{"line":416,"column":8},"end":{"line":416,"column":17}},"41":{"start":{"line":417,"column":10},"end":{"line":417,"column":12}},"42":{"start":{"line":422,"column":6},"end":{"line":422,"column":11}},"43":{"start":{"line":425,"column":6},"end":{"line":429,"column":null}},"44":{"start":{"line":426,"column":42},"end":{"line":426,"column":null}},"45":{"start":{"line":427,"column":24},"end":{"line":427,"column":null}},"46":{"start":{"line":428,"column":8},"end":{"line":428,"column":19}},"47":{"start":{"line":432,"column":6},"end":{"line":432,"column":11}},"48":{"start":{"line":433,"column":6},"end":{"line":433,"column":11}},"49":{"start":{"line":434,"column":6},"end":{"line":434,"column":11}},"50":{"start":{"line":435,"column":6},"end":{"line":435,"column":11}},"51":{"start":{"line":437,"column":6},"end":{"line":444,"column":null}},"52":{"start":{"line":438,"column":8},"end":{"line":438,"column":18}},"53":{"start":{"line":439,"column":10},"end":{"line":439,"column":16}},"54":{"start":{"line":448,"column":6},"end":{"line":448,"column":11}},"55":{"start":{"line":449,"column":30},"end":{"line":449,"column":null}},"56":{"start":{"line":450,"column":6},"end":{"line":450,"column":16}},"57":{"start":{"line":451,"column":18},"end":{"line":451,"column":null}},"58":{"start":{"line":452,"column":18},"end":{"line":452,"column":null}},"59":{"start":{"line":453,"column":8},"end":{"line":453,"column":14}},"60":{"start":{"line":454,"column":8},"end":{"line":454,"column":14}},"61":{"start":{"line":455,"column":8},"end":{"line":455,"column":14}},"62":{"start":{"line":456,"column":8},"end":{"line":456,"column":11}},"63":{"start":{"line":457,"column":8},"end":{"line":457,"column":14}},"64":{"start":{"line":461,"column":6},"end":{"line":461,"column":13}},"65":{"start":{"line":464,"column":19},"end":{"line":464,"column":null}},"66":{"start":{"line":465,"column":18},"end":{"line":465,"column":21}},"67":{"start":{"line":466,"column":6},"end":{"line":466,"column":13}},"68":{"start":{"line":470,"column":23},"end":{"line":470,"column":null}},"69":{"start":{"line":472,"column":6},"end":{"line":477,"column":null}},"70":{"start":{"line":473,"column":8},"end":{"line":473,"column":16}},"71":{"start":{"line":478,"column":6},"end":{"line":485,"column":null}},"72":{"start":{"line":479,"column":8},"end":{"line":479,"column":13}},"73":{"start":{"line":480,"column":10},"end":{"line":480,"column":18}},"74":{"start":{"line":486,"column":6},"end":{"line":492,"column":null}},"75":{"start":{"line":487,"column":8},"end":{"line":487,"column":16}},"76":{"start":{"line":493,"column":6},"end":{"line":493,"column":13}}},"fnMap":{"0":{"name":"(anonymous_0)","decl":{"start":{"line":174,"column":16},"end":{"line":174,"column":26}},"loc":{"start":{"line":174,"column":39},"end":{"line":181,"column":null}}},"1":{"name":"(anonymous_1)","decl":{"start":{"line":176,"column":42},"end":{"line":176,"column":48}},"loc":{"start":{"line":176,"column":48},"end":{"line":180,"column":null}}},"2":{"name":"(anonymous_2)","decl":{"start":{"line":319,"column":2},"end":{"line":319,"column":6}},"loc":{"start":{"line":319,"column":10},"end":{"line":327,"column":null}}},"3":{"name":"(anonymous_3)","decl":{"start":{"line":329,"column":4},"end":{"line":329,"column":11}},"loc":{"start":{"line":329,"column":15},"end":{"line":334,"column":null}}},"4":{"name":"(anonymous_4)","decl":{"start":{"line":335,"column":4},"end":{"line":335,"column":14}},"loc":{"start":{"line":335,"column":18},"end":{"line":337,"column":null}}},"5":{"name":"(anonymous_5)","decl":{"start":{"line":338,"column":4},"end":{"line":338,"column":24}},"loc":{"start":{"line":338,"column":28},"end":{"line":340,"column":null}}},"6":{"name":"(anonymous_6)","decl":{"start":{"line":343,"column":16},"end":{"line":343,"column":28}},"loc":{"start":{"line":343,"column":28},"end":{"line":345,"column":null}}},"7":{"name":"(anonymous_7)","decl":{"start":{"line":347,"column":2},"end":{"line":347,"column":13}},"loc":{"start":{"line":347,"column":17},"end":{"line":349,"column":null}}},"8":{"name":"(anonymous_8)","decl":{"start":{"line":350,"column":2},"end":{"line":350,"column":9}},"loc":{"start":{"line":350,"column":13},"end":{"line":385,"column":null}}},"9":{"name":"(anonymous_9)","decl":{"start":{"line":361,"column":46},"end":{"line":361,"column":47}},"loc":{"start":{"line":361,"column":59},"end":{"line":377,"column":null}}},"10":{"name":"(anonymous_10)","decl":{"start":{"line":362,"column":22},"end":{"line":362,"column":23}},"loc":{"start":{"line":362,"column":33},"end":{"line":376,"column":null}}},"11":{"name":"(anonymous_11)","decl":{"start":{"line":382,"column":51},"end":{"line":382,"column":57}},"loc":{"start":{"line":382,"column":57},"end":{"line":384,"column":7}}},"12":{"name":"(anonymous_12)","decl":{"start":{"line":387,"column":4},"end":{"line":387,"column":16}},"loc":{"start":{"line":387,"column":22},"end":{"line":391,"column":null}}},"13":{"name":"(anonymous_13)","decl":{"start":{"line":392,"column":4},"end":{"line":392,"column":15}},"loc":{"start":{"line":392,"column":19},"end":{"line":409,"column":null}}},"14":{"name":"(anonymous_14)","decl":{"start":{"line":410,"column":4},"end":{"line":410,"column":12}},"loc":{"start":{"line":410,"column":25},"end":{"line":420,"column":null}}},"15":{"name":"(anonymous_15)","decl":{"start":{"line":412,"column":13},"end":{"line":412,"column":25}},"loc":{"start":{"line":412,"column":25},"end":{"line":419,"column":null}}},"16":{"name":"(anonymous_16)","decl":{"start":{"line":416,"column":31},"end":{"line":416,"column":43}},"loc":{"start":{"line":416,"column":43},"end":{"line":418,"column":11}}},"17":{"name":"(anonymous_17)","decl":{"start":{"line":421,"column":4},"end":{"line":421,"column":12}},"loc":{"start":{"line":421,"column":20},"end":{"line":423,"column":null}}},"18":{"name":"(anonymous_18)","decl":{"start":{"line":424,"column":4},"end":{"line":424,"column":16}},"loc":{"start":{"line":424,"column":20},"end":{"line":430,"column":null}}},"19":{"name":"(anonymous_19)","decl":{"start":{"line":431,"column":22},"end":{"line":431,"column":32}},"loc":{"start":{"line":431,"column":39},"end":{"line":445,"column":null}}},"20":{"name":"(anonymous_20)","decl":{"start":{"line":438,"column":19},"end":{"line":438,"column":25}},"loc":{"start":{"line":438,"column":25},"end":{"line":443,"column":11}}},"21":{"name":"(anonymous_21)","decl":{"start":{"line":446,"column":4},"end":{"line":446,"column":23}},"loc":{"start":{"line":446,"column":37},"end":{"line":459,"column":null}}},"22":{"name":"(anonymous_22)","decl":{"start":{"line":450,"column":17},"end":{"line":450,"column":29}},"loc":{"start":{"line":450,"column":29},"end":{"line":458,"column":9}}},"23":{"name":"(anonymous_23)","decl":{"start":{"line":460,"column":4},"end":{"line":460,"column":9}},"loc":{"start":{"line":460,"column":21},"end":{"line":462,"column":null}}},"24":{"name":"(anonymous_24)","decl":{"start":{"line":463,"column":4},"end":{"line":463,"column":16}},"loc":{"start":{"line":463,"column":23},"end":{"line":467,"column":null}}},"25":{"name":"(anonymous_25)","decl":{"start":{"line":468,"column":4},"end":{"line":468,"column":15}},"loc":{"start":{"line":468,"column":19},"end":{"line":494,"column":null}}},"26":{"name":"(anonymous_26)","decl":{"start":{"line":479,"column":34},"end":{"line":479,"column":35}},"loc":{"start":{"line":479,"column":45},"end":{"line":484,"column":null}}}},"branchMap":{"0":{"loc":{"start":{"line":331,"column":23},"end":{"line":331,"column":null}},"type":"cond-expr","locations":[{"start":{"line":331,"column":39},"end":{"line":331,"column":61}},{"start":{"line":331,"column":61},"end":{"line":331,"column":null}}]},"1":{"loc":{"start":{"line":332,"column":25},"end":{"line":332,"column":null}},"type":"cond-expr","locations":[{"start":{"line":332,"column":41},"end":{"line":332,"column":57}},{"start":{"line":332,"column":57},"end":{"line":332,"column":null}}]},"2":{"loc":{"start":{"line":336,"column":13},"end":{"line":336,"column":null}},"type":"binary-expr","locations":[{"start":{"line":336,"column":13},"end":{"line":336,"column":28}},{"start":{"line":336,"column":28},"end":{"line":336,"column":44}},{"start":{"line":336,"column":44},"end":{"line":336,"column":61}},{"start":{"line":336,"column":61},"end":{"line":336,"column":null}}]},"3":{"loc":{"start":{"line":354,"column":4},"end":{"line":356,"column":null}},"type":"if","locations":[{"start":{"line":354,"column":4},"end":{"line":356,"column":null}}]},"4":{"loc":{"start":{"line":358,"column":4},"end":{"line":360,"column":null}},"type":"if","locations":[{"start":{"line":358,"column":4},"end":{"line":360,"column":null}}]},"5":{"loc":{"start":{"line":363,"column":8},"end":{"line":375,"column":null}},"type":"if","locations":[{"start":{"line":363,"column":8},"end":{"line":375,"column":null}}]},"6":{"loc":{"start":{"line":366,"column":10},"end":{"line":368,"column":null}},"type":"if","locations":[{"start":{"line":366,"column":10},"end":{"line":368,"column":null}}]},"7":{"loc":{"start":{"line":366,"column":14},"end":{"line":366,"column":33}},"type":"binary-expr","locations":[{"start":{"line":366,"column":14},"end":{"line":366,"column":28}},{"start":{"line":366,"column":28},"end":{"line":366,"column":33}}]},"8":{"loc":{"start":{"line":371,"column":10},"end":{"line":373,"column":null}},"type":"if","locations":[{"start":{"line":371,"column":10},"end":{"line":373,"column":null}}]},"9":{"loc":{"start":{"line":389,"column":24},"end":{"line":389,"column":null}},"type":"binary-expr","locations":[{"start":{"line":389,"column":24},"end":{"line":389,"column":46}},{"start":{"line":389,"column":46},"end":{"line":389,"column":null}}]},"10":{"loc":{"start":{"line":403,"column":6},"end":{"line":408,"column":null}},"type":"if","locations":[{"start":{"line":403,"column":6},"end":{"line":408,"column":null}}]},"11":{"loc":{"start":{"line":425,"column":6},"end":{"line":429,"column":null}},"type":"if","locations":[{"start":{"line":425,"column":6},"end":{"line":429,"column":null}}]},"12":{"loc":{"start":{"line":425,"column":10},"end":{"line":425,"column":43}},"type":"binary-expr","locations":[{"start":{"line":425,"column":10},"end":{"line":425,"column":28}},{"start":{"line":425,"column":28},"end":{"line":425,"column":43}}]},"13":{"loc":{"start":{"line":437,"column":6},"end":{"line":444,"column":null}},"type":"if","locations":[{"start":{"line":437,"column":6},"end":{"line":444,"column":null}}]},"14":{"loc":{"start":{"line":466,"column":13},"end":{"line":466,"column":null}},"type":"cond-expr","locations":[{"start":{"line":466,"column":47},"end":{"line":466,"column":53}},{"start":{"line":466,"column":58},"end":{"line":466,"column":null}}]},"15":{"loc":{"start":{"line":466,"column":13},"end":{"line":466,"column":47}},"type":"binary-expr","locations":[{"start":{"line":466,"column":13},"end":{"line":466,"column":18}},{"start":{"line":466,"column":22},"end":{"line":466,"column":47}}]},"16":{"loc":{"start":{"line":470,"column":23},"end":{"line":470,"column":null}},"type":"cond-expr","locations":[{"start":{"line":470,"column":37},"end":{"line":470,"column":51}},{"start":{"line":470,"column":51},"end":{"line":470,"column":null}}]},"17":{"loc":{"start":{"line":472,"column":6},"end":{"line":477,"column":null}},"type":"if","locations":[{"start":{"line":472,"column":6},"end":{"line":477,"column":null}}]},"18":{"loc":{"start":{"line":478,"column":6},"end":{"line":485,"column":null}},"type":"if","locations":[{"start":{"line":478,"column":6},"end":{"line":485,"column":null}}]},"19":{"loc":{"start":{"line":486,"column":6},"end":{"line":492,"column":null}},"type":"if","locations":[{"start":{"line":486,"column":6},"end":{"line":492,"column":null}}]},"20":{"loc":{"start":{"line":490,"column":17},"end":{"line":490,"column":null}},"type":"cond-expr","locations":[{"start":{"line":490,"column":37},"end":{"line":490,"column":57}},{"start":{"line":490,"column":57},"end":{"line":490,"column":null}}]}},"s":{"0":1,"1":0,"2":0,"3":0,"4":0,"5":0,"6":13,"7":13,"8":13,"9":3,"10":0,"11":13,"12":13,"13":13,"14":3,"15":13,"16":2,"17":13,"18":0,"19":0,"20":0,"21":0,"22":0,"23":0,"24":0,"25":13,"26":13,"27":0,"28":0,"29":0,"30":0,"31":0,"32":0,"33":0,"34":0,"35":13,"36":13,"37":0,"38":0,"39":0,"40":0,"41":0,"42":0,"43":3,"44":3,"45":3,"46":3,"47":0,"48":0,"49":0,"50":0,"51":0,"52":0,"53":0,"54":0,"55":0,"56":0,"57":0,"58":0,"59":0,"60":0,"61":0,"62":0,"63":0,"64":1,"65":1,"66":1,"67":1,"68":13,"69":13,"70":0,"71":13,"72":0,"73":0,"74":13,"75":0,"76":13},"f":{"0":0,"1":0,"2":13,"3":13,"4":13,"5":3,"6":0,"7":13,"8":13,"9":0,"10":0,"11":0,"12":0,"13":0,"14":13,"15":0,"16":0,"17":0,"18":3,"19":0,"20":0,"21":0,"22":0,"23":1,"24":1,"25":13,"26":0},"b":{"0":[13,0],"1":[3,10],"2":[13,4,4,4],"3":[3],"4":[2],"5":[0],"6":[0],"7":[0,0],"8":[0],"9":[0,0],"10":[0],"11":[3],"12":[3,3],"13":[0],"14":[1,0],"15":[1,1],"16":[3,10],"17":[0],"18":[0],"19":[0],"20":[0,0]}}
,"/Users/kimlarocca/Websites/nypr-design-system-vue/src/components/VSearch.vue": {"path":"/Users/kimlarocca/Websites/nypr-design-system-vue/src/components/VSearch.vue","statementMap":{"0":{"start":{"line":73,"column":15},"end":{"line":73,"column":null}},"1":{"start":{"line":104,"column":4},"end":{"line":104,"column":11}},"2":{"start":{"line":111,"column":4},"end":{"line":113,"column":null}},"3":{"start":{"line":112,"column":6},"end":{"line":112,"column":11}},"4":{"start":{"line":117,"column":6},"end":{"line":117,"column":11}},"5":{"start":{"line":118,"column":6},"end":{"line":118,"column":11}},"6":{"start":{"line":122,"column":6},"end":{"line":122,"column":12}},"7":{"start":{"line":123,"column":6},"end":{"line":123,"column":11}},"8":{"start":{"line":124,"column":8},"end":{"line":124,"column":13}},"9":{"start":{"line":125,"column":8},"end":{"line":125,"column":14}},"10":{"start":{"line":129,"column":6},"end":{"line":129,"column":11}},"11":{"start":{"line":130,"column":6},"end":{"line":130,"column":11}},"12":{"start":{"line":131,"column":6},"end":{"line":131,"column":11}},"13":{"start":{"line":132,"column":8},"end":{"line":132,"column":13}},"14":{"start":{"line":133,"column":8},"end":{"line":133,"column":13}},"15":{"start":{"line":137,"column":6},"end":{"line":137,"column":11}},"16":{"start":{"line":138,"column":6},"end":{"line":138,"column":11}}},"fnMap":{"0":{"name":"(anonymous_0)","decl":{"start":{"line":103,"column":2},"end":{"line":103,"column":6}},"loc":{"start":{"line":103,"column":10},"end":{"line":109,"column":null}}},"1":{"name":"(anonymous_1)","decl":{"start":{"line":110,"column":2},"end":{"line":110,"column":13}},"loc":{"start":{"line":110,"column":17},"end":{"line":114,"column":null}}},"2":{"name":"(anonymous_2)","decl":{"start":{"line":116,"column":4},"end":{"line":116,"column":9}},"loc":{"start":{"line":116,"column":14},"end":{"line":119,"column":null}}},"3":{"name":"(anonymous_3)","decl":{"start":{"line":120,"column":4},"end":{"line":120,"column":17}},"loc":{"start":{"line":120,"column":21},"end":{"line":127,"column":null}}},"4":{"name":"(anonymous_4)","decl":{"start":{"line":123,"column":39},"end":{"line":123,"column":45}},"loc":{"start":{"line":123,"column":45},"end":{"line":126,"column":9}}},"5":{"name":"(anonymous_5)","decl":{"start":{"line":128,"column":4},"end":{"line":128,"column":8}},"loc":{"start":{"line":128,"column":13},"end":{"line":135,"column":null}}},"6":{"name":"(anonymous_6)","decl":{"start":{"line":131,"column":21},"end":{"line":131,"column":27}},"loc":{"start":{"line":131,"column":27},"end":{"line":134,"column":null}}},"7":{"name":"(anonymous_7)","decl":{"start":{"line":136,"column":4},"end":{"line":136,"column":10}},"loc":{"start":{"line":136,"column":15},"end":{"line":139,"column":null}}}},"branchMap":{"0":{"loc":{"start":{"line":111,"column":4},"end":{"line":113,"column":null}},"type":"if","locations":[{"start":{"line":111,"column":4},"end":{"line":113,"column":null}}]}},"s":{"0":2,"1":12,"2":12,"3":4,"4":7,"5":7,"6":6,"7":6,"8":1,"9":1,"10":4,"11":4,"12":4,"13":4,"14":4,"15":2,"16":2},"f":{"0":12,"1":12,"2":7,"3":6,"4":1,"5":4,"6":4,"7":2},"b":{"0":[4]}}
,"/Users/kimlarocca/Websites/nypr-design-system-vue/src/components/VSpacer.vue": {"path":"/Users/kimlarocca/Websites/nypr-design-system-vue/src/components/VSpacer.vue","statementMap":{"0":{"start":{"line":9,"column":17},"end":{"line":9,"column":null}},"1":{"start":{"line":19,"column":8},"end":{"line":23,"column":null}},"2":{"start":{"line":20,"column":10},"end":{"line":20,"column":17}},"3":{"start":{"line":22,"column":10},"end":{"line":22,"column":17}}},"fnMap":{"0":{"name":"(anonymous_0)","decl":{"start":{"line":18,"column":6},"end":{"line":18,"column":18}},"loc":{"start":{"line":18,"column":22},"end":{"line":24,"column":null}}}},"branchMap":{"0":{"loc":{"start":{"line":19,"column":8},"end":{"line":23,"column":null}},"type":"if","locations":[{"start":{"line":19,"column":8},"end":{"line":23,"column":null}},{"start":{"line":21,"column":15},"end":{"line":23,"column":null}}]}},"s":{"0":2,"1":51,"2":39,"3":12},"f":{"0":51},"b":{"0":[39,12]}}
,"/Users/kimlarocca/Websites/nypr-design-system-vue/src/components/VTag.vue": {"path":"/Users/kimlarocca/Websites/nypr-design-system-vue/src/components/VTag.vue","statementMap":{"0":{"start":{"line":13,"column":15},"end":{"line":13,"column":null}}},"fnMap":{},"branchMap":{},"s":{"0":3},"f":{},"b":{}}
,"/Users/kimlarocca/Websites/nypr-design-system-vue/src/components/VolumeControl.vue": {"path":"/Users/kimlarocca/Websites/nypr-design-system-vue/src/components/VolumeControl.vue","statementMap":{"0":{"start":{"line":41,"column":15},"end":{"line":41,"column":null}},"1":{"start":{"line":58,"column":4},"end":{"line":58,"column":11}}},"fnMap":{"0":{"name":"(anonymous_0)","decl":{"start":{"line":57,"column":2},"end":{"line":57,"column":6}},"loc":{"start":{"line":57,"column":10},"end":{"line":62,"column":null}}}},"branchMap":{},"s":{"0":1,"1":15},"f":{"0":15},"b":{}}
}
