TN:
SF:src\components\ArticleMetadata.vue
FNF:0
FNH:0
DA:47,1
LF:1
LH:1
BRF:0
BRH:0
end_of_record
TN:
SF:src\components\CalloutBanner.vue
FN:27,(anonymous_0)
FNF:1
FNH:1
FNDA:3,(anonymous_0)
DA:22,1
DA:28,3
LF:2
LH:2
BRF:0
BRH:0
end_of_record
TN:
SF:src\components\GalleryPreview.vue
FN:81,(anonymous_0)
FN:88,(anonymous_1)
FN:95,(anonymous_2)
FN:98,(anonymous_3)
FN:108,(anonymous_4)
FNF:5
FNH:5
FNDA:1,(anonymous_0)
FNDA:12,(anonymous_1)
FNDA:12,(anonymous_2)
FNDA:12,(anonymous_3)
FNDA:1,(anonymous_4)
DA:48,1
DA:81,1
DA:89,12
DA:96,12
DA:99,12
DA:100,12
DA:101,8
DA:103,12
DA:104,7
DA:109,1
DA:110,1
LF:11
LH:11
BRDA:100,0,0,8
BRDA:103,1,0,7
BRF:2
BRH:2
end_of_record
TN:
SF:src\components\ImageWithCaption.vue
FN:161,(anonymous_0)
FN:167,(anonymous_1)
FN:172,(anonymous_2)
FNF:3
FNH:3
FNDA:22,(anonymous_0)
FNDA:14,(anonymous_1)
FNDA:2,(anonymous_2)
DA:83,2
DA:162,22
DA:168,14
DA:173,2
DA:174,2
DA:175,1
DA:177,1
LF:7
LH:7
BRDA:174,0,0,1
BRDA:174,0,1,1
BRF:2
BRH:2
end_of_record
TN:
SF:src\components\LiveIndicator.vue
FNF:0
FNH:0
DA:13,2
LF:1
LH:1
BRF:0
BRH:0
end_of_record
TN:
SF:src\components\MainPlayer.vue
FNF:0
FNH:0
DA:75,1
LF:1
LH:1
BRF:0
BRH:0
end_of_record
TN:
SF:src\components\MediaEmbed.vue
FNF:0
FNH:0
DA:14,1
LF:1
LH:1
BRF:0
BRH:0
end_of_record
TN:
SF:src\components\PersistentPlayer.vue
FN:178,(anonymous_0)
FN:189,(anonymous_1)
FN:192,(anonymous_2)
FN:216,(anonymous_3)
FN:220,(anonymous_4)
FN:224,(anonymous_5)
FN:228,(anonymous_6)
FN:232,(anonymous_7)
FN:239,(anonymous_8)
FNF:9
FNH:2
FNDA:15,(anonymous_0)
FNDA:15,(anonymous_1)
FNDA:0,(anonymous_2)
FNDA:0,(anonymous_3)
FNDA:0,(anonymous_4)
FNDA:0,(anonymous_5)
FNDA:0,(anonymous_6)
FNDA:0,(anonymous_7)
FNDA:0,(anonymous_8)
DA:91,1
DA:179,15
DA:190,15
DA:192,15
DA:193,0
DA:195,0
DA:196,0
DA:198,0
DA:199,0
DA:201,0
DA:202,0
DA:204,0
DA:205,0
DA:207,0
DA:208,0
DA:210,0
DA:211,0
DA:217,0
DA:218,0
DA:222,0
DA:240,0
LF:21
LH:4
BRDA:193,0,0,0
BRDA:193,0,1,0
BRDA:193,0,2,0
BRDA:193,0,3,0
BRDA:193,0,4,0
BRDA:193,0,5,0
BRDA:201,1,0,0
BRDA:204,2,0,0
BRDA:218,3,0,0
BRDA:218,3,1,0
BRF:10
BRH:0
end_of_record
TN:
SF:src\components\ProgressBar.vue
FNF:0
FNH:0
DA:11,1
LF:1
LH:1
BRF:0
BRH:0
end_of_record
TN:
SF:src\components\SecondaryNavigation.vue
FNF:0
FNH:0
DA:59,3
LF:1
LH:1
BRF:0
BRH:0
end_of_record
TN:
SF:src\components\SegmentListItem.vue
FNF:0
FNH:0
DA:28,1
LF:1
LH:1
BRF:0
BRH:0
end_of_record
TN:
SF:src\components\ShareTools.vue
FNF:0
FNH:0
DA:16,2
LF:1
LH:1
BRF:0
BRH:0
end_of_record
TN:
SF:src\components\ShareToolsItem.vue
FNF:0
FNH:0
DA:44,2
DA:45,2
LF:2
LH:2
BRF:0
BRH:0
end_of_record
TN:
SF:src\components\SimpleResponsiveImage.vue
FN:105,(anonymous_0)
FN:124,(anonymous_1)
FN:133,(anonymous_2)
FN:140,(anonymous_3)
FN:151,(anonymous_4)
FN:162,(anonymous_5)
FN:203,(anonymous_6)
FN:207,(anonymous_7)
FNF:8
FNH:7
FNDA:52,(anonymous_0)
FNDA:50,(anonymous_1)
FNDA:50,(anonymous_2)
FNDA:51,(anonymous_3)
FNDA:0,(anonymous_4)
FNDA:51,(anonymous_5)
FNDA:50,(anonymous_6)
FNDA:124,(anonymous_7)
DA:31,3
DA:106,52
DA:125,50
DA:134,50
DA:135,0
DA:137,50
DA:141,51
DA:142,51
DA:143,51
DA:148,0
DA:152,0
DA:153,0
DA:154,0
DA:159,0
DA:163,51
DA:164,51
DA:167,51
DA:171,20
DA:173,31
DA:174,31
DA:175,31
DA:177,124
DA:178,124
DA:179,124
DA:182,124
DA:183,0
DA:184,0
DA:185,0
DA:188,124
DA:192,124
DA:197,31
DA:199,0
DA:204,50
DA:208,124
LF:34
LH:24
BRDA:134,0,0,0
BRDA:134,0,1,50
BRDA:142,1,0,51
BRDA:142,1,1,0
BRDA:153,2,0,0
BRDA:153,2,1,0
BRDA:164,3,0,51
BRDA:164,3,1,0
BRDA:167,4,0,20
BRDA:177,5,0,124
BRDA:177,6,0,124
BRDA:177,6,1,124
BRDA:182,7,0,0
BRDA:182,8,0,124
BRDA:182,8,1,124
BRDA:193,9,0,93
BRDA:193,9,1,31
BRDA:193,10,0,124
BRDA:193,10,1,93
BRDA:204,11,0,50
BRDA:204,11,1,0
BRDA:208,12,0,124
BRDA:208,12,1,0
BRF:23
BRH:15
end_of_record
TN:
SF:src\components\StreamSwitcher.vue
FNF:0
FNH:0
DA:11,1
LF:1
LH:1
BRF:0
BRH:0
end_of_record
TN:
SF:src\components\StreamSwitcherCard.vue
FNF:0
FNH:0
DA:42,1
LF:1
LH:1
BRF:0
BRH:0
end_of_record
TN:
SF:src\components\TheFooter.vue
FN:148,(anonymous_0)
FN:151,(anonymous_1)
FN:154,(anonymous_2)
FNF:3
FNH:3
FNDA:12,(anonymous_0)
FNDA:12,(anonymous_1)
FNDA:12,(anonymous_2)
DA:111,1
DA:149,12
DA:152,12
DA:155,12
LF:4
LH:4
BRF:0
BRH:0
end_of_record
TN:
SF:src\components\TheHeader.vue
FNF:0
FNH:0
DA:59,1
LF:1
LH:1
BRF:0
BRH:0
end_of_record
TN:
SF:src\components\TheMenu.vue
FN:146,(anonymous_0)
FN:152,(anonymous_1)
FN:155,(anonymous_2)
FN:158,(anonymous_3)
FN:161,(anonymous_4)
FN:164,(anonymous_5)
FN:167,(anonymous_6)
FN:172,(anonymous_7)
FN:175,(anonymous_8)
FNF:9
FNH:9
FNDA:10,(anonymous_0)
FNDA:10,(anonymous_1)
FNDA:10,(anonymous_2)
FNDA:10,(anonymous_3)
FNDA:10,(anonymous_4)
FNDA:10,(anonymous_5)
FNDA:10,(anonymous_6)
FNDA:1,(anonymous_7)
FNDA:1,(anonymous_8)
DA:119,1
DA:147,10
DA:153,10
DA:156,10
DA:159,10
DA:162,10
DA:165,10
DA:168,10
DA:173,1
DA:176,1
LF:10
LH:10
BRF:0
BRH:0
end_of_record
TN:
SF:src\components\TrackInfo.vue
FN:144,(anonymous_0)
FN:147,(anonymous_1)
FN:152,(anonymous_2)
FNF:3
FNH:3
FNDA:12,(anonymous_0)
FNDA:12,(anonymous_1)
FNDA:24,(anonymous_2)
DA:99,1
DA:145,12
DA:148,12
DA:153,24
DA:154,24
LF:5
LH:5
BRDA:154,0,0,24
BRDA:154,0,1,0
BRF:2
BRH:1
end_of_record
TN:
SF:src\components\VAccordion.vue
FN:54,(anonymous_0)
FN:61,(anonymous_1)
FN:64,(anonymous_2)
FN:68,(anonymous_3)
FN:73,(anonymous_4)
FN:77,(anonymous_5)
FN:80,(anonymous_6)
FNF:7
FNH:4
FNDA:3,(anonymous_0)
FNDA:3,(anonymous_1)
FNDA:3,(anonymous_2)
FNDA:3,(anonymous_3)
FNDA:0,(anonymous_4)
FNDA:0,(anonymous_5)
FNDA:0,(anonymous_6)
DA:40,1
DA:55,3
DA:62,3
DA:65,3
DA:69,3
DA:70,0
DA:74,0
DA:78,0
DA:81,0
LF:9
LH:5
BRDA:69,0,0,0
BRDA:69,1,0,3
BRDA:69,1,1,0
BRF:3
BRH:1
end_of_record
TN:
SF:src\components\VBanner.vue
FN:97,(anonymous_0)
FNF:1
FNH:1
FNDA:8,(anonymous_0)
DA:57,1
DA:98,8
LF:2
LH:2
BRF:0
BRH:0
end_of_record
TN:
SF:src\components\VButton.vue
FNF:0
FNH:0
DA:20,7
LF:1
LH:1
BRF:0
BRH:0
end_of_record
TN:
SF:src\components\VByline.vue
FNF:0
FNH:0
DA:29,1
LF:1
LH:1
BRF:0
BRH:0
end_of_record
TN:
SF:src\components\VCard.vue
FN:167,(anonymous_0)
FNF:1
FNH:1
FNDA:10,(anonymous_0)
DA:102,1
DA:168,10
LF:2
LH:2
BRDA:168,0,0,10
BRDA:168,0,1,3
BRDA:168,0,2,1
BRF:3
BRH:3
end_of_record
TN:
SF:src\components\VCounter.vue
FNF:0
FNH:0
DA:29,2
LF:1
LH:1
BRF:0
BRH:0
end_of_record
TN:
SF:src\components\VLottie.vue
FN:15,(anonymous_3)
FNF:1
FNH:1
FNDA:1,(anonymous_3)
DA:11,1
DA:16,1
LF:2
LH:2
BRF:0
BRH:0
end_of_record
TN:
SF:src\components\VPerson.vue
FN:174,(anonymous_0)
FN:176,(anonymous_1)
FN:319,(anonymous_2)
FN:329,(anonymous_3)
FN:335,(anonymous_4)
FN:338,(anonymous_5)
FN:343,(anonymous_6)
FN:347,(anonymous_7)
FN:350,(anonymous_8)
FN:361,(anonymous_9)
FN:362,(anonymous_10)
FN:382,(anonymous_11)
FN:387,(anonymous_12)
FN:392,(anonymous_13)
FN:410,(anonymous_14)
FN:412,(anonymous_15)
FN:416,(anonymous_16)
FN:421,(anonymous_17)
FN:424,(anonymous_18)
FN:431,(anonymous_19)
FN:438,(anonymous_20)
FN:446,(anonymous_21)
FN:450,(anonymous_22)
FN:460,(anonymous_23)
FN:463,(anonymous_24)
FN:468,(anonymous_25)
FN:479,(anonymous_26)
FNF:27
FNH:11
FNDA:0,(anonymous_0)
FNDA:0,(anonymous_1)
FNDA:13,(anonymous_2)
FNDA:13,(anonymous_3)
FNDA:13,(anonymous_4)
FNDA:3,(anonymous_5)
FNDA:0,(anonymous_6)
FNDA:13,(anonymous_7)
FNDA:13,(anonymous_8)
FNDA:0,(anonymous_9)
FNDA:0,(anonymous_10)
FNDA:0,(anonymous_11)
FNDA:0,(anonymous_12)
FNDA:0,(anonymous_13)
FNDA:13,(anonymous_14)
FNDA:0,(anonymous_15)
FNDA:0,(anonymous_16)
FNDA:0,(anonymous_17)
FNDA:3,(anonymous_18)
FNDA:0,(anonymous_19)
FNDA:0,(anonymous_20)
FNDA:0,(anonymous_21)
FNDA:0,(anonymous_22)
FNDA:1,(anonymous_23)
FNDA:1,(anonymous_24)
FNDA:13,(anonymous_25)
FNDA:0,(anonymous_26)
DA:162,1
DA:175,0
DA:176,0
DA:177,0
DA:178,0
DA:179,0
DA:320,13
DA:330,13
DA:336,13
DA:339,3
DA:344,0
DA:348,13
DA:351,13
DA:354,13
DA:355,3
DA:358,13
DA:359,2
DA:361,13
DA:362,0
DA:363,0
DA:366,0
DA:367,0
DA:371,0
DA:372,0
DA:374,0
DA:379,13
DA:382,13
DA:383,0
DA:388,0
DA:389,0
DA:390,0
DA:393,0
DA:394,0
DA:403,0
DA:404,0
DA:411,13
DA:412,13
DA:413,0
DA:414,0
DA:415,0
DA:416,0
DA:417,0
DA:422,0
DA:425,3
DA:426,3
DA:427,3
DA:428,3
DA:432,0
DA:433,0
DA:434,0
DA:435,0
DA:437,0
DA:438,0
DA:439,0
DA:448,0
DA:449,0
DA:450,0
DA:451,0
DA:452,0
DA:453,0
DA:454,0
DA:455,0
DA:456,0
DA:457,0
DA:461,1
DA:464,1
DA:465,1
DA:466,1
DA:470,13
DA:472,13
DA:473,0
DA:478,13
DA:479,0
DA:480,0
DA:486,13
DA:487,0
DA:493,13
LF:77
LH:29
BRDA:331,0,0,13
BRDA:331,0,1,0
BRDA:332,1,0,3
BRDA:332,1,1,10
BRDA:336,2,0,13
BRDA:336,2,1,4
BRDA:336,2,2,4
BRDA:336,2,3,4
BRDA:354,3,0,3
BRDA:358,4,0,2
BRDA:363,5,0,0
BRDA:366,6,0,0
BRDA:366,7,0,0
BRDA:366,7,1,0
BRDA:371,8,0,0
BRDA:389,9,0,0
BRDA:389,9,1,0
BRDA:403,10,0,0
BRDA:425,11,0,3
BRDA:425,12,0,3
BRDA:425,12,1,3
BRDA:437,13,0,0
BRDA:466,14,0,1
BRDA:466,14,1,0
BRDA:466,15,0,1
BRDA:466,15,1,1
BRDA:470,16,0,3
BRDA:470,16,1,10
BRDA:472,17,0,0
BRDA:478,18,0,0
BRDA:486,19,0,0
BRDA:490,20,0,0
BRDA:490,20,1,0
BRF:33
BRH:17
end_of_record
TN:
SF:src\components\VSearch.vue
FN:103,(anonymous_0)
FN:110,(anonymous_1)
FN:116,(anonymous_2)
FN:120,(anonymous_3)
FN:123,(anonymous_4)
FN:128,(anonymous_5)
FN:131,(anonymous_6)
FN:136,(anonymous_7)
FNF:8
FNH:8
FNDA:12,(anonymous_0)
FNDA:12,(anonymous_1)
FNDA:7,(anonymous_2)
FNDA:6,(anonymous_3)
FNDA:1,(anonymous_4)
FNDA:4,(anonymous_5)
FNDA:4,(anonymous_6)
FNDA:2,(anonymous_7)
DA:73,2
DA:104,12
DA:111,12
DA:112,4
DA:117,7
DA:118,7
DA:122,6
DA:123,6
DA:124,1
DA:125,1
DA:129,4
DA:130,4
DA:131,4
DA:132,4
DA:133,4
DA:137,2
DA:138,2
LF:17
LH:17
BRDA:111,0,0,4
BRF:1
BRH:1
end_of_record
TN:
SF:src\components\VSpacer.vue
FN:18,(anonymous_0)
FNF:1
FNH:1
FNDA:51,(anonymous_0)
DA:9,2
DA:19,51
DA:20,39
DA:22,12
LF:4
LH:4
BRDA:19,0,0,39
BRDA:19,0,1,12
BRF:2
BRH:2
end_of_record
TN:
SF:src\components\VTag.vue
FNF:0
FNH:0
DA:13,3
LF:1
LH:1
BRF:0
BRH:0
end_of_record
TN:
SF:src\components\VolumeControl.vue
FN:57,(anonymous_0)
FNF:1
FNH:1
FNDA:15,(anonymous_0)
DA:41,1
DA:58,15
LF:2
LH:2
BRF:0
BRH:0
end_of_record
